13:25:40.436 INFO  [c.p.d.DepartmentServiceApplication      ] Starting DepartmentServiceApplication using Java 17.0.7 with PID 5612 (C:\Users\HP\Desktop\Java Backend\springboot-microservices\department-service\target\classes started by HP in C:\Users\HP\Desktop\Java Backend\springboot-microservices) [main] 
13:25:40.463 INFO  [c.p.d.DepartmentServiceApplication      ] No active profile set, falling back to 1 default profile: "default" [main] 
13:25:41.121 ERROR [o.springframework.boot.SpringApplication] Application run failed [main] 
java.lang.ExceptionInInitializerError: null
	at org.springframework.beans.factory.groovy.GroovyBeanDefinitionReader.<init>(GroovyBeanDefinitionReader.java:151)
	at org.springframework.boot.BeanDefinitionLoader.<init>(BeanDefinitionLoader.java:89)
	at org.springframework.boot.SpringApplication.createBeanDefinitionLoader(SpringApplication.java:754)
	at org.springframework.boot.SpringApplication.load(SpringApplication.java:697)
	at org.springframework.boot.SpringApplication.prepareContext(SpringApplication.java:438)
	at org.springframework.boot.SpringApplication.run(SpringApplication.java:333)
	at org.springframework.boot.SpringApplication.run(SpringApplication.java:1358)
	at org.springframework.boot.SpringApplication.run(SpringApplication.java:1347)
	at com.project.departmentservice.DepartmentServiceApplication.main(DepartmentServiceApplication.java:10)
Caused by: java.lang.reflect.InaccessibleObjectException: Unable to make protected void java.lang.Object.finalize() throws java.lang.Throwable accessible: module java.base does not "opens java.lang" to unnamed module @24b1d79b
	at java.base/java.lang.reflect.AccessibleObject.checkCanSetAccessible(AccessibleObject.java:354)
	at java.base/java.lang.reflect.AccessibleObject.checkCanSetAccessible(AccessibleObject.java:297)
	at java.base/java.lang.reflect.Method.checkCanSetAccessible(Method.java:199)
	at java.base/java.lang.reflect.AccessibleObject.setAccessible(AccessibleObject.java:130)
	at org.codehaus.groovy.reflection.CachedClass$3$1.run(CachedClass.java:86)
	at java.base/java.security.AccessController.doPrivileged(AccessController.java:318)
	at org.codehaus.groovy.reflection.CachedClass$3.initValue(CachedClass.java:81)
	at org.codehaus.groovy.reflection.CachedClass$3.initValue(CachedClass.java:79)
	at org.codehaus.groovy.util.LazyReference.getLocked(LazyReference.java:46)
	at org.codehaus.groovy.util.LazyReference.get(LazyReference.java:33)
	at org.codehaus.groovy.reflection.CachedClass.getMethods(CachedClass.java:250)
	at org.codehaus.groovy.reflection.CachedClass$3.initValue(CachedClass.java:116)
	at org.codehaus.groovy.reflection.CachedClass$3.initValue(CachedClass.java:79)
	at org.codehaus.groovy.util.LazyReference.getLocked(LazyReference.java:46)
	at org.codehaus.groovy.util.LazyReference.get(LazyReference.java:33)
	at org.codehaus.groovy.reflection.CachedClass.getMethods(CachedClass.java:250)
	at org.codehaus.groovy.reflection.CachedClass$3.initValue(CachedClass.java:116)
	at org.codehaus.groovy.reflection.CachedClass$3.initValue(CachedClass.java:79)
	at org.codehaus.groovy.util.LazyReference.getLocked(LazyReference.java:46)
	at org.codehaus.groovy.util.LazyReference.get(LazyReference.java:33)
	at org.codehaus.groovy.reflection.CachedClass.getMethods(CachedClass.java:250)
	at org.codehaus.groovy.runtime.metaclass.MetaClassRegistryImpl.registerMethods(MetaClassRegistryImpl.java:211)
	at org.codehaus.groovy.runtime.metaclass.MetaClassRegistryImpl.<init>(MetaClassRegistryImpl.java:101)
	at org.codehaus.groovy.runtime.metaclass.MetaClassRegistryImpl.<init>(MetaClassRegistryImpl.java:71)
	at groovy.lang.GroovySystem.<clinit>(GroovySystem.java:33)
	... 9 common frames omitted
13:38:50.967 INFO  [c.p.d.DepartmentServiceApplication      ] Starting DepartmentServiceApplication using Java 17.0.7 with PID 10632 (C:\Users\HP\Desktop\Java Backend\springboot-microservices\department-service\target\classes started by HP in C:\Users\HP\Desktop\Java Backend\springboot-microservices) [main] 
13:38:51.019 INFO  [c.p.d.DepartmentServiceApplication      ] No active profile set, falling back to 1 default profile: "default" [main] 
13:38:52.687 ERROR [o.springframework.boot.SpringApplication] Application run failed [main] 
java.lang.ExceptionInInitializerError: null
	at org.springframework.beans.factory.groovy.GroovyBeanDefinitionReader.<init>(GroovyBeanDefinitionReader.java:151)
	at org.springframework.boot.BeanDefinitionLoader.<init>(BeanDefinitionLoader.java:89)
	at org.springframework.boot.SpringApplication.createBeanDefinitionLoader(SpringApplication.java:754)
	at org.springframework.boot.SpringApplication.load(SpringApplication.java:697)
	at org.springframework.boot.SpringApplication.prepareContext(SpringApplication.java:438)
	at org.springframework.boot.SpringApplication.run(SpringApplication.java:333)
	at org.springframework.boot.SpringApplication.run(SpringApplication.java:1358)
	at org.springframework.boot.SpringApplication.run(SpringApplication.java:1347)
	at com.project.departmentservice.DepartmentServiceApplication.main(DepartmentServiceApplication.java:10)
Caused by: java.lang.reflect.InaccessibleObjectException: Unable to make protected void java.lang.Object.finalize() throws java.lang.Throwable accessible: module java.base does not "opens java.lang" to unnamed module @24b1d79b
	at java.base/java.lang.reflect.AccessibleObject.checkCanSetAccessible(AccessibleObject.java:354)
	at java.base/java.lang.reflect.AccessibleObject.checkCanSetAccessible(AccessibleObject.java:297)
	at java.base/java.lang.reflect.Method.checkCanSetAccessible(Method.java:199)
	at java.base/java.lang.reflect.AccessibleObject.setAccessible(AccessibleObject.java:130)
	at org.codehaus.groovy.reflection.CachedClass$3$1.run(CachedClass.java:86)
	at java.base/java.security.AccessController.doPrivileged(AccessController.java:318)
	at org.codehaus.groovy.reflection.CachedClass$3.initValue(CachedClass.java:81)
	at org.codehaus.groovy.reflection.CachedClass$3.initValue(CachedClass.java:79)
	at org.codehaus.groovy.util.LazyReference.getLocked(LazyReference.java:46)
	at org.codehaus.groovy.util.LazyReference.get(LazyReference.java:33)
	at org.codehaus.groovy.reflection.CachedClass.getMethods(CachedClass.java:250)
	at org.codehaus.groovy.reflection.CachedClass$3.initValue(CachedClass.java:116)
	at org.codehaus.groovy.reflection.CachedClass$3.initValue(CachedClass.java:79)
	at org.codehaus.groovy.util.LazyReference.getLocked(LazyReference.java:46)
	at org.codehaus.groovy.util.LazyReference.get(LazyReference.java:33)
	at org.codehaus.groovy.reflection.CachedClass.getMethods(CachedClass.java:250)
	at org.codehaus.groovy.reflection.CachedClass$3.initValue(CachedClass.java:116)
	at org.codehaus.groovy.reflection.CachedClass$3.initValue(CachedClass.java:79)
	at org.codehaus.groovy.util.LazyReference.getLocked(LazyReference.java:46)
	at org.codehaus.groovy.util.LazyReference.get(LazyReference.java:33)
	at org.codehaus.groovy.reflection.CachedClass.getMethods(CachedClass.java:250)
	at org.codehaus.groovy.runtime.metaclass.MetaClassRegistryImpl.registerMethods(MetaClassRegistryImpl.java:211)
	at org.codehaus.groovy.runtime.metaclass.MetaClassRegistryImpl.<init>(MetaClassRegistryImpl.java:101)
	at org.codehaus.groovy.runtime.metaclass.MetaClassRegistryImpl.<init>(MetaClassRegistryImpl.java:71)
	at groovy.lang.GroovySystem.<clinit>(GroovySystem.java:33)
	... 9 common frames omitted
13:40:09.567 INFO  [c.p.d.DepartmentServiceApplication      ] Starting DepartmentServiceApplication using Java 17.0.7 with PID 256 (C:\Users\HP\Desktop\Java Backend\springboot-microservices\department-service\target\classes started by HP in C:\Users\HP\Desktop\Java Backend\springboot-microservices) [main] 
13:40:09.571 INFO  [c.p.d.DepartmentServiceApplication      ] No active profile set, falling back to 1 default profile: "default" [main] 
13:40:11.241 ERROR [o.springframework.boot.SpringApplication] Application run failed [main] 
java.lang.ExceptionInInitializerError: null
	at org.springframework.beans.factory.groovy.GroovyBeanDefinitionReader.<init>(GroovyBeanDefinitionReader.java:151)
	at org.springframework.boot.BeanDefinitionLoader.<init>(BeanDefinitionLoader.java:89)
	at org.springframework.boot.SpringApplication.createBeanDefinitionLoader(SpringApplication.java:754)
	at org.springframework.boot.SpringApplication.load(SpringApplication.java:697)
	at org.springframework.boot.SpringApplication.prepareContext(SpringApplication.java:438)
	at org.springframework.boot.SpringApplication.run(SpringApplication.java:333)
	at org.springframework.boot.SpringApplication.run(SpringApplication.java:1358)
	at org.springframework.boot.SpringApplication.run(SpringApplication.java:1347)
	at com.project.departmentservice.DepartmentServiceApplication.main(DepartmentServiceApplication.java:10)
Caused by: java.lang.reflect.InaccessibleObjectException: Unable to make protected void java.lang.Object.finalize() throws java.lang.Throwable accessible: module java.base does not "opens java.lang" to unnamed module @24b1d79b
	at java.base/java.lang.reflect.AccessibleObject.checkCanSetAccessible(AccessibleObject.java:354)
	at java.base/java.lang.reflect.AccessibleObject.checkCanSetAccessible(AccessibleObject.java:297)
	at java.base/java.lang.reflect.Method.checkCanSetAccessible(Method.java:199)
	at java.base/java.lang.reflect.AccessibleObject.setAccessible(AccessibleObject.java:130)
	at org.codehaus.groovy.reflection.CachedClass$3$1.run(CachedClass.java:86)
	at java.base/java.security.AccessController.doPrivileged(AccessController.java:318)
	at org.codehaus.groovy.reflection.CachedClass$3.initValue(CachedClass.java:81)
	at org.codehaus.groovy.reflection.CachedClass$3.initValue(CachedClass.java:79)
	at org.codehaus.groovy.util.LazyReference.getLocked(LazyReference.java:46)
	at org.codehaus.groovy.util.LazyReference.get(LazyReference.java:33)
	at org.codehaus.groovy.reflection.CachedClass.getMethods(CachedClass.java:250)
	at org.codehaus.groovy.reflection.CachedClass$3.initValue(CachedClass.java:116)
	at org.codehaus.groovy.reflection.CachedClass$3.initValue(CachedClass.java:79)
	at org.codehaus.groovy.util.LazyReference.getLocked(LazyReference.java:46)
	at org.codehaus.groovy.util.LazyReference.get(LazyReference.java:33)
	at org.codehaus.groovy.reflection.CachedClass.getMethods(CachedClass.java:250)
	at org.codehaus.groovy.reflection.CachedClass$3.initValue(CachedClass.java:116)
	at org.codehaus.groovy.reflection.CachedClass$3.initValue(CachedClass.java:79)
	at org.codehaus.groovy.util.LazyReference.getLocked(LazyReference.java:46)
	at org.codehaus.groovy.util.LazyReference.get(LazyReference.java:33)
	at org.codehaus.groovy.reflection.CachedClass.getMethods(CachedClass.java:250)
	at org.codehaus.groovy.runtime.metaclass.MetaClassRegistryImpl.registerMethods(MetaClassRegistryImpl.java:211)
	at org.codehaus.groovy.runtime.metaclass.MetaClassRegistryImpl.<init>(MetaClassRegistryImpl.java:101)
	at org.codehaus.groovy.runtime.metaclass.MetaClassRegistryImpl.<init>(MetaClassRegistryImpl.java:71)
	at groovy.lang.GroovySystem.<clinit>(GroovySystem.java:33)
	... 9 common frames omitted
13:41:36.586 INFO  [c.p.d.DepartmentServiceApplication      ] Starting DepartmentServiceApplication using Java 17.0.7 with PID 8976 (C:\Users\HP\Desktop\Java Backend\springboot-microservices\department-service\target\classes started by HP in C:\Users\HP\Desktop\Java Backend\springboot-microservices) [main] 
13:41:36.591 INFO  [c.p.d.DepartmentServiceApplication      ] No active profile set, falling back to 1 default profile: "default" [main] 
13:41:37.203 ERROR [o.springframework.boot.SpringApplication] Application run failed [main] 
java.lang.ExceptionInInitializerError: null
	at org.springframework.beans.factory.groovy.GroovyBeanDefinitionReader.<init>(GroovyBeanDefinitionReader.java:151)
	at org.springframework.boot.BeanDefinitionLoader.<init>(BeanDefinitionLoader.java:89)
	at org.springframework.boot.SpringApplication.createBeanDefinitionLoader(SpringApplication.java:754)
	at org.springframework.boot.SpringApplication.load(SpringApplication.java:697)
	at org.springframework.boot.SpringApplication.prepareContext(SpringApplication.java:438)
	at org.springframework.boot.SpringApplication.run(SpringApplication.java:333)
	at org.springframework.boot.SpringApplication.run(SpringApplication.java:1358)
	at org.springframework.boot.SpringApplication.run(SpringApplication.java:1347)
	at com.project.departmentservice.DepartmentServiceApplication.main(DepartmentServiceApplication.java:10)
Caused by: java.lang.reflect.InaccessibleObjectException: Unable to make protected void java.lang.Object.finalize() throws java.lang.Throwable accessible: module java.base does not "opens java.lang" to unnamed module @1f021e6c
	at java.base/java.lang.reflect.AccessibleObject.checkCanSetAccessible(AccessibleObject.java:354)
	at java.base/java.lang.reflect.AccessibleObject.checkCanSetAccessible(AccessibleObject.java:297)
	at java.base/java.lang.reflect.Method.checkCanSetAccessible(Method.java:199)
	at java.base/java.lang.reflect.AccessibleObject.setAccessible(AccessibleObject.java:130)
	at org.codehaus.groovy.reflection.CachedClass$3$1.run(CachedClass.java:86)
	at java.base/java.security.AccessController.doPrivileged(AccessController.java:318)
	at org.codehaus.groovy.reflection.CachedClass$3.initValue(CachedClass.java:81)
	at org.codehaus.groovy.reflection.CachedClass$3.initValue(CachedClass.java:79)
	at org.codehaus.groovy.util.LazyReference.getLocked(LazyReference.java:46)
	at org.codehaus.groovy.util.LazyReference.get(LazyReference.java:33)
	at org.codehaus.groovy.reflection.CachedClass.getMethods(CachedClass.java:250)
	at org.codehaus.groovy.reflection.CachedClass$3.initValue(CachedClass.java:116)
	at org.codehaus.groovy.reflection.CachedClass$3.initValue(CachedClass.java:79)
	at org.codehaus.groovy.util.LazyReference.getLocked(LazyReference.java:46)
	at org.codehaus.groovy.util.LazyReference.get(LazyReference.java:33)
	at org.codehaus.groovy.reflection.CachedClass.getMethods(CachedClass.java:250)
	at org.codehaus.groovy.reflection.CachedClass$3.initValue(CachedClass.java:116)
	at org.codehaus.groovy.reflection.CachedClass$3.initValue(CachedClass.java:79)
	at org.codehaus.groovy.util.LazyReference.getLocked(LazyReference.java:46)
	at org.codehaus.groovy.util.LazyReference.get(LazyReference.java:33)
	at org.codehaus.groovy.reflection.CachedClass.getMethods(CachedClass.java:250)
	at org.codehaus.groovy.runtime.metaclass.MetaClassRegistryImpl.registerMethods(MetaClassRegistryImpl.java:211)
	at org.codehaus.groovy.runtime.metaclass.MetaClassRegistryImpl.<init>(MetaClassRegistryImpl.java:101)
	at org.codehaus.groovy.runtime.metaclass.MetaClassRegistryImpl.<init>(MetaClassRegistryImpl.java:71)
	at groovy.lang.GroovySystem.<clinit>(GroovySystem.java:33)
	... 9 common frames omitted
13:48:29.107 INFO  [c.p.d.DepartmentServiceApplication      ] Starting DepartmentServiceApplication using Java 17.0.7 with PID 9360 (C:\Users\HP\Desktop\Java Backend\springboot-microservices\department-service\target\classes started by HP in C:\Users\HP\Desktop\Java Backend\springboot-microservices) [main] 
13:48:29.128 INFO  [c.p.d.DepartmentServiceApplication      ] No active profile set, falling back to 1 default profile: "default" [main] 
13:50:19.470 INFO  [c.p.d.DepartmentServiceApplication      ] Starting DepartmentServiceApplication using Java 17.0.7 with PID 6952 (C:\Users\HP\Desktop\Java Backend\springboot-microservices\department-service\target\classes started by HP in C:\Users\HP\Desktop\Java Backend\springboot-microservices) [main] 
13:50:19.479 INFO  [c.p.d.DepartmentServiceApplication      ] No active profile set, falling back to 1 default profile: "default" [main] 
13:50:20.396 ERROR [o.springframework.boot.SpringApplication] Application run failed [main] 
java.lang.ExceptionInInitializerError: null
	at org.springframework.beans.factory.groovy.GroovyBeanDefinitionReader.<init>(GroovyBeanDefinitionReader.java:151)
	at org.springframework.boot.BeanDefinitionLoader.<init>(BeanDefinitionLoader.java:89)
	at org.springframework.boot.SpringApplication.createBeanDefinitionLoader(SpringApplication.java:754)
	at org.springframework.boot.SpringApplication.load(SpringApplication.java:697)
	at org.springframework.boot.SpringApplication.prepareContext(SpringApplication.java:438)
	at org.springframework.boot.SpringApplication.run(SpringApplication.java:333)
	at org.springframework.boot.SpringApplication.run(SpringApplication.java:1358)
	at org.springframework.boot.SpringApplication.run(SpringApplication.java:1347)
	at com.project.departmentservice.DepartmentServiceApplication.main(DepartmentServiceApplication.java:10)
Caused by: java.lang.reflect.InaccessibleObjectException: Unable to make protected void java.lang.Object.finalize() throws java.lang.Throwable accessible: module java.base does not "opens java.lang" to unnamed module @1f021e6c
	at java.base/java.lang.reflect.AccessibleObject.checkCanSetAccessible(AccessibleObject.java:354)
	at java.base/java.lang.reflect.AccessibleObject.checkCanSetAccessible(AccessibleObject.java:297)
	at java.base/java.lang.reflect.Method.checkCanSetAccessible(Method.java:199)
	at java.base/java.lang.reflect.AccessibleObject.setAccessible(AccessibleObject.java:130)
	at org.codehaus.groovy.reflection.CachedClass$3$1.run(CachedClass.java:86)
	at java.base/java.security.AccessController.doPrivileged(AccessController.java:318)
	at org.codehaus.groovy.reflection.CachedClass$3.initValue(CachedClass.java:81)
	at org.codehaus.groovy.reflection.CachedClass$3.initValue(CachedClass.java:79)
	at org.codehaus.groovy.util.LazyReference.getLocked(LazyReference.java:46)
	at org.codehaus.groovy.util.LazyReference.get(LazyReference.java:33)
	at org.codehaus.groovy.reflection.CachedClass.getMethods(CachedClass.java:250)
	at org.codehaus.groovy.reflection.CachedClass$3.initValue(CachedClass.java:116)
	at org.codehaus.groovy.reflection.CachedClass$3.initValue(CachedClass.java:79)
	at org.codehaus.groovy.util.LazyReference.getLocked(LazyReference.java:46)
	at org.codehaus.groovy.util.LazyReference.get(LazyReference.java:33)
	at org.codehaus.groovy.reflection.CachedClass.getMethods(CachedClass.java:250)
	at org.codehaus.groovy.reflection.CachedClass$3.initValue(CachedClass.java:116)
	at org.codehaus.groovy.reflection.CachedClass$3.initValue(CachedClass.java:79)
	at org.codehaus.groovy.util.LazyReference.getLocked(LazyReference.java:46)
	at org.codehaus.groovy.util.LazyReference.get(LazyReference.java:33)
	at org.codehaus.groovy.reflection.CachedClass.getMethods(CachedClass.java:250)
	at org.codehaus.groovy.runtime.metaclass.MetaClassRegistryImpl.registerMethods(MetaClassRegistryImpl.java:211)
	at org.codehaus.groovy.runtime.metaclass.MetaClassRegistryImpl.<init>(MetaClassRegistryImpl.java:101)
	at org.codehaus.groovy.runtime.metaclass.MetaClassRegistryImpl.<init>(MetaClassRegistryImpl.java:71)
	at groovy.lang.GroovySystem.<clinit>(GroovySystem.java:33)
	... 9 common frames omitted
13:58:01.961 INFO  [c.p.d.DepartmentServiceApplication      ] Starting DepartmentServiceApplication using Java 17.0.7 with PID 1492 (C:\Users\HP\Desktop\Java Backend\springboot-microservices\department-service\target\classes started by HP in C:\Users\HP\Desktop\Java Backend\springboot-microservices) [main] 
13:58:01.967 INFO  [c.p.d.DepartmentServiceApplication      ] No active profile set, falling back to 1 default profile: "default" [main] 
13:58:02.722 ERROR [o.springframework.boot.SpringApplication] Application run failed [main] 
java.lang.ExceptionInInitializerError: null
	at org.springframework.beans.factory.groovy.GroovyBeanDefinitionReader.<init>(GroovyBeanDefinitionReader.java:151)
	at org.springframework.boot.BeanDefinitionLoader.<init>(BeanDefinitionLoader.java:89)
	at org.springframework.boot.SpringApplication.createBeanDefinitionLoader(SpringApplication.java:754)
	at org.springframework.boot.SpringApplication.load(SpringApplication.java:697)
	at org.springframework.boot.SpringApplication.prepareContext(SpringApplication.java:438)
	at org.springframework.boot.SpringApplication.run(SpringApplication.java:333)
	at org.springframework.boot.SpringApplication.run(SpringApplication.java:1358)
	at org.springframework.boot.SpringApplication.run(SpringApplication.java:1347)
	at com.project.departmentservice.DepartmentServiceApplication.main(DepartmentServiceApplication.java:10)
Caused by: java.lang.reflect.InaccessibleObjectException: Unable to make protected void java.lang.Object.finalize() throws java.lang.Throwable accessible: module java.base does not "opens java.lang" to unnamed module @24b1d79b
	at java.base/java.lang.reflect.AccessibleObject.checkCanSetAccessible(AccessibleObject.java:354)
	at java.base/java.lang.reflect.AccessibleObject.checkCanSetAccessible(AccessibleObject.java:297)
	at java.base/java.lang.reflect.Method.checkCanSetAccessible(Method.java:199)
	at java.base/java.lang.reflect.AccessibleObject.setAccessible(AccessibleObject.java:130)
	at org.codehaus.groovy.reflection.CachedClass$3$1.run(CachedClass.java:86)
	at java.base/java.security.AccessController.doPrivileged(AccessController.java:318)
	at org.codehaus.groovy.reflection.CachedClass$3.initValue(CachedClass.java:81)
	at org.codehaus.groovy.reflection.CachedClass$3.initValue(CachedClass.java:79)
	at org.codehaus.groovy.util.LazyReference.getLocked(LazyReference.java:46)
	at org.codehaus.groovy.util.LazyReference.get(LazyReference.java:33)
	at org.codehaus.groovy.reflection.CachedClass.getMethods(CachedClass.java:250)
	at org.codehaus.groovy.reflection.CachedClass$3.initValue(CachedClass.java:116)
	at org.codehaus.groovy.reflection.CachedClass$3.initValue(CachedClass.java:79)
	at org.codehaus.groovy.util.LazyReference.getLocked(LazyReference.java:46)
	at org.codehaus.groovy.util.LazyReference.get(LazyReference.java:33)
	at org.codehaus.groovy.reflection.CachedClass.getMethods(CachedClass.java:250)
	at org.codehaus.groovy.reflection.CachedClass$3.initValue(CachedClass.java:116)
	at org.codehaus.groovy.reflection.CachedClass$3.initValue(CachedClass.java:79)
	at org.codehaus.groovy.util.LazyReference.getLocked(LazyReference.java:46)
	at org.codehaus.groovy.util.LazyReference.get(LazyReference.java:33)
	at org.codehaus.groovy.reflection.CachedClass.getMethods(CachedClass.java:250)
	at org.codehaus.groovy.runtime.metaclass.MetaClassRegistryImpl.registerMethods(MetaClassRegistryImpl.java:211)
	at org.codehaus.groovy.runtime.metaclass.MetaClassRegistryImpl.<init>(MetaClassRegistryImpl.java:101)
	at org.codehaus.groovy.runtime.metaclass.MetaClassRegistryImpl.<init>(MetaClassRegistryImpl.java:71)
	at groovy.lang.GroovySystem.<clinit>(GroovySystem.java:33)
	... 9 common frames omitted
13:59:30.389 INFO  [c.p.d.DepartmentServiceApplication      ] Starting DepartmentServiceApplication using Java 17.0.7 with PID 4000 (C:\Users\HP\Desktop\Java Backend\springboot-microservices\department-service\target\classes started by HP in C:\Users\HP\Desktop\Java Backend\springboot-microservices) [main] 
13:59:30.401 INFO  [c.p.d.DepartmentServiceApplication      ] No active profile set, falling back to 1 default profile: "default" [main] 
13:59:32.177 ERROR [o.springframework.boot.SpringApplication] Application run failed [main] 
java.lang.ExceptionInInitializerError: null
	at org.springframework.beans.factory.groovy.GroovyBeanDefinitionReader.<init>(GroovyBeanDefinitionReader.java:151)
	at org.springframework.boot.BeanDefinitionLoader.<init>(BeanDefinitionLoader.java:89)
	at org.springframework.boot.SpringApplication.createBeanDefinitionLoader(SpringApplication.java:754)
	at org.springframework.boot.SpringApplication.load(SpringApplication.java:697)
	at org.springframework.boot.SpringApplication.prepareContext(SpringApplication.java:438)
	at org.springframework.boot.SpringApplication.run(SpringApplication.java:333)
	at org.springframework.boot.SpringApplication.run(SpringApplication.java:1358)
	at org.springframework.boot.SpringApplication.run(SpringApplication.java:1347)
	at com.project.departmentservice.DepartmentServiceApplication.main(DepartmentServiceApplication.java:10)
Caused by: java.lang.reflect.InaccessibleObjectException: Unable to make protected void java.lang.Object.finalize() throws java.lang.Throwable accessible: module java.base does not "opens java.lang" to unnamed module @1f021e6c
	at java.base/java.lang.reflect.AccessibleObject.checkCanSetAccessible(AccessibleObject.java:354)
	at java.base/java.lang.reflect.AccessibleObject.checkCanSetAccessible(AccessibleObject.java:297)
	at java.base/java.lang.reflect.Method.checkCanSetAccessible(Method.java:199)
	at java.base/java.lang.reflect.AccessibleObject.setAccessible(AccessibleObject.java:130)
	at org.codehaus.groovy.reflection.CachedClass$3$1.run(CachedClass.java:86)
	at java.base/java.security.AccessController.doPrivileged(AccessController.java:318)
	at org.codehaus.groovy.reflection.CachedClass$3.initValue(CachedClass.java:81)
	at org.codehaus.groovy.reflection.CachedClass$3.initValue(CachedClass.java:79)
	at org.codehaus.groovy.util.LazyReference.getLocked(LazyReference.java:46)
	at org.codehaus.groovy.util.LazyReference.get(LazyReference.java:33)
	at org.codehaus.groovy.reflection.CachedClass.getMethods(CachedClass.java:250)
	at org.codehaus.groovy.reflection.CachedClass$3.initValue(CachedClass.java:116)
	at org.codehaus.groovy.reflection.CachedClass$3.initValue(CachedClass.java:79)
	at org.codehaus.groovy.util.LazyReference.getLocked(LazyReference.java:46)
	at org.codehaus.groovy.util.LazyReference.get(LazyReference.java:33)
	at org.codehaus.groovy.reflection.CachedClass.getMethods(CachedClass.java:250)
	at org.codehaus.groovy.reflection.CachedClass$3.initValue(CachedClass.java:116)
	at org.codehaus.groovy.reflection.CachedClass$3.initValue(CachedClass.java:79)
	at org.codehaus.groovy.util.LazyReference.getLocked(LazyReference.java:46)
	at org.codehaus.groovy.util.LazyReference.get(LazyReference.java:33)
	at org.codehaus.groovy.reflection.CachedClass.getMethods(CachedClass.java:250)
	at org.codehaus.groovy.runtime.metaclass.MetaClassRegistryImpl.registerMethods(MetaClassRegistryImpl.java:211)
	at org.codehaus.groovy.runtime.metaclass.MetaClassRegistryImpl.<init>(MetaClassRegistryImpl.java:101)
	at org.codehaus.groovy.runtime.metaclass.MetaClassRegistryImpl.<init>(MetaClassRegistryImpl.java:71)
	at groovy.lang.GroovySystem.<clinit>(GroovySystem.java:33)
	... 9 common frames omitted
14:15:22.328 INFO  [c.p.d.DepartmentServiceApplication      ] Starting DepartmentServiceApplication using Java 17.0.7 with PID 13328 (C:\Users\HP\Desktop\Java Backend\springboot-microservices\department-service\target\classes started by HP in C:\Users\HP\Desktop\Java Backend\springboot-microservices) [main] 
14:15:22.333 INFO  [c.p.d.DepartmentServiceApplication      ] No active profile set, falling back to 1 default profile: "default" [main] 
14:15:23.066 ERROR [o.springframework.boot.SpringApplication] Application run failed [main] 
java.lang.ExceptionInInitializerError: null
	at org.springframework.beans.factory.groovy.GroovyBeanDefinitionReader.<init>(GroovyBeanDefinitionReader.java:151)
	at org.springframework.boot.BeanDefinitionLoader.<init>(BeanDefinitionLoader.java:89)
	at org.springframework.boot.SpringApplication.createBeanDefinitionLoader(SpringApplication.java:754)
	at org.springframework.boot.SpringApplication.load(SpringApplication.java:697)
	at org.springframework.boot.SpringApplication.prepareContext(SpringApplication.java:438)
	at org.springframework.boot.SpringApplication.run(SpringApplication.java:333)
	at org.springframework.boot.SpringApplication.run(SpringApplication.java:1358)
	at org.springframework.boot.SpringApplication.run(SpringApplication.java:1347)
	at com.project.departmentservice.DepartmentServiceApplication.main(DepartmentServiceApplication.java:10)
Caused by: java.lang.reflect.InaccessibleObjectException: Unable to make protected void java.lang.Object.finalize() throws java.lang.Throwable accessible: module java.base does not "opens java.lang" to unnamed module @1f021e6c
	at java.base/java.lang.reflect.AccessibleObject.checkCanSetAccessible(AccessibleObject.java:354)
	at java.base/java.lang.reflect.AccessibleObject.checkCanSetAccessible(AccessibleObject.java:297)
	at java.base/java.lang.reflect.Method.checkCanSetAccessible(Method.java:199)
	at java.base/java.lang.reflect.AccessibleObject.setAccessible(AccessibleObject.java:130)
	at org.codehaus.groovy.reflection.CachedClass$3$1.run(CachedClass.java:86)
	at java.base/java.security.AccessController.doPrivileged(AccessController.java:318)
	at org.codehaus.groovy.reflection.CachedClass$3.initValue(CachedClass.java:81)
	at org.codehaus.groovy.reflection.CachedClass$3.initValue(CachedClass.java:79)
	at org.codehaus.groovy.util.LazyReference.getLocked(LazyReference.java:46)
	at org.codehaus.groovy.util.LazyReference.get(LazyReference.java:33)
	at org.codehaus.groovy.reflection.CachedClass.getMethods(CachedClass.java:250)
	at org.codehaus.groovy.reflection.CachedClass$3.initValue(CachedClass.java:116)
	at org.codehaus.groovy.reflection.CachedClass$3.initValue(CachedClass.java:79)
	at org.codehaus.groovy.util.LazyReference.getLocked(LazyReference.java:46)
	at org.codehaus.groovy.util.LazyReference.get(LazyReference.java:33)
	at org.codehaus.groovy.reflection.CachedClass.getMethods(CachedClass.java:250)
	at org.codehaus.groovy.reflection.CachedClass$3.initValue(CachedClass.java:116)
	at org.codehaus.groovy.reflection.CachedClass$3.initValue(CachedClass.java:79)
	at org.codehaus.groovy.util.LazyReference.getLocked(LazyReference.java:46)
	at org.codehaus.groovy.util.LazyReference.get(LazyReference.java:33)
	at org.codehaus.groovy.reflection.CachedClass.getMethods(CachedClass.java:250)
	at org.codehaus.groovy.runtime.metaclass.MetaClassRegistryImpl.registerMethods(MetaClassRegistryImpl.java:211)
	at org.codehaus.groovy.runtime.metaclass.MetaClassRegistryImpl.<init>(MetaClassRegistryImpl.java:101)
	at org.codehaus.groovy.runtime.metaclass.MetaClassRegistryImpl.<init>(MetaClassRegistryImpl.java:71)
	at groovy.lang.GroovySystem.<clinit>(GroovySystem.java:33)
	... 9 common frames omitted
14:20:48.463 INFO  [c.p.d.DepartmentServiceApplication      ] Starting DepartmentServiceApplication using Java 17.0.7 with PID 6208 (C:\Users\HP\Desktop\Java Backend\springboot-microservices\department-service\target\classes started by HP in C:\Users\HP\Desktop\Java Backend\springboot-microservices) [main] 
14:20:48.477 INFO  [c.p.d.DepartmentServiceApplication      ] No active profile set, falling back to 1 default profile: "default" [main] 
14:20:49.527 ERROR [o.springframework.boot.SpringApplication] Application run failed [main] 
java.lang.ExceptionInInitializerError: null
	at org.springframework.beans.factory.groovy.GroovyBeanDefinitionReader.<init>(GroovyBeanDefinitionReader.java:151)
	at org.springframework.boot.BeanDefinitionLoader.<init>(BeanDefinitionLoader.java:89)
	at org.springframework.boot.SpringApplication.createBeanDefinitionLoader(SpringApplication.java:754)
	at org.springframework.boot.SpringApplication.load(SpringApplication.java:697)
	at org.springframework.boot.SpringApplication.prepareContext(SpringApplication.java:438)
	at org.springframework.boot.SpringApplication.run(SpringApplication.java:333)
	at org.springframework.boot.SpringApplication.run(SpringApplication.java:1358)
	at org.springframework.boot.SpringApplication.run(SpringApplication.java:1347)
	at com.project.departmentservice.DepartmentServiceApplication.main(DepartmentServiceApplication.java:10)
Caused by: java.lang.reflect.InaccessibleObjectException: Unable to make protected void java.lang.Object.finalize() throws java.lang.Throwable accessible: module java.base does not "opens java.lang" to unnamed module @1f021e6c
	at java.base/java.lang.reflect.AccessibleObject.checkCanSetAccessible(AccessibleObject.java:354)
	at java.base/java.lang.reflect.AccessibleObject.checkCanSetAccessible(AccessibleObject.java:297)
	at java.base/java.lang.reflect.Method.checkCanSetAccessible(Method.java:199)
	at java.base/java.lang.reflect.AccessibleObject.setAccessible(AccessibleObject.java:130)
	at org.codehaus.groovy.reflection.CachedClass$3$1.run(CachedClass.java:86)
	at java.base/java.security.AccessController.doPrivileged(AccessController.java:318)
	at org.codehaus.groovy.reflection.CachedClass$3.initValue(CachedClass.java:81)
	at org.codehaus.groovy.reflection.CachedClass$3.initValue(CachedClass.java:79)
	at org.codehaus.groovy.util.LazyReference.getLocked(LazyReference.java:46)
	at org.codehaus.groovy.util.LazyReference.get(LazyReference.java:33)
	at org.codehaus.groovy.reflection.CachedClass.getMethods(CachedClass.java:250)
	at org.codehaus.groovy.reflection.CachedClass$3.initValue(CachedClass.java:116)
	at org.codehaus.groovy.reflection.CachedClass$3.initValue(CachedClass.java:79)
	at org.codehaus.groovy.util.LazyReference.getLocked(LazyReference.java:46)
	at org.codehaus.groovy.util.LazyReference.get(LazyReference.java:33)
	at org.codehaus.groovy.reflection.CachedClass.getMethods(CachedClass.java:250)
	at org.codehaus.groovy.reflection.CachedClass$3.initValue(CachedClass.java:116)
	at org.codehaus.groovy.reflection.CachedClass$3.initValue(CachedClass.java:79)
	at org.codehaus.groovy.util.LazyReference.getLocked(LazyReference.java:46)
	at org.codehaus.groovy.util.LazyReference.get(LazyReference.java:33)
	at org.codehaus.groovy.reflection.CachedClass.getMethods(CachedClass.java:250)
	at org.codehaus.groovy.runtime.metaclass.MetaClassRegistryImpl.registerMethods(MetaClassRegistryImpl.java:211)
	at org.codehaus.groovy.runtime.metaclass.MetaClassRegistryImpl.<init>(MetaClassRegistryImpl.java:101)
	at org.codehaus.groovy.runtime.metaclass.MetaClassRegistryImpl.<init>(MetaClassRegistryImpl.java:71)
	at groovy.lang.GroovySystem.<clinit>(GroovySystem.java:33)
	... 9 common frames omitted
14:23:03.308 INFO  [c.p.d.DepartmentServiceApplication      ] Starting DepartmentServiceApplication using Java 17.0.7 with PID 3524 (C:\Users\HP\Desktop\Java Backend\springboot-microservices\department-service\target\classes started by HP in C:\Users\HP\Desktop\Java Backend\springboot-microservices) [main] 
14:23:03.317 INFO  [c.p.d.DepartmentServiceApplication      ] No active profile set, falling back to 1 default profile: "default" [main] 
14:23:04.048 ERROR [o.springframework.boot.SpringApplication] Application run failed [main] 
java.lang.ExceptionInInitializerError: null
	at org.springframework.beans.factory.groovy.GroovyBeanDefinitionReader.<init>(GroovyBeanDefinitionReader.java:151)
	at org.springframework.boot.BeanDefinitionLoader.<init>(BeanDefinitionLoader.java:89)
	at org.springframework.boot.SpringApplication.createBeanDefinitionLoader(SpringApplication.java:754)
	at org.springframework.boot.SpringApplication.load(SpringApplication.java:697)
	at org.springframework.boot.SpringApplication.prepareContext(SpringApplication.java:438)
	at org.springframework.boot.SpringApplication.run(SpringApplication.java:333)
	at org.springframework.boot.SpringApplication.run(SpringApplication.java:1358)
	at org.springframework.boot.SpringApplication.run(SpringApplication.java:1347)
	at com.project.departmentservice.DepartmentServiceApplication.main(DepartmentServiceApplication.java:10)
Caused by: java.lang.reflect.InaccessibleObjectException: Unable to make protected void java.lang.Object.finalize() throws java.lang.Throwable accessible: module java.base does not "opens java.lang" to unnamed module @35a50a4c
	at java.base/java.lang.reflect.AccessibleObject.checkCanSetAccessible(AccessibleObject.java:354)
	at java.base/java.lang.reflect.AccessibleObject.checkCanSetAccessible(AccessibleObject.java:297)
	at java.base/java.lang.reflect.Method.checkCanSetAccessible(Method.java:199)
	at java.base/java.lang.reflect.AccessibleObject.setAccessible(AccessibleObject.java:130)
	at org.codehaus.groovy.reflection.CachedClass$3$1.run(CachedClass.java:86)
	at java.base/java.security.AccessController.doPrivileged(AccessController.java:318)
	at org.codehaus.groovy.reflection.CachedClass$3.initValue(CachedClass.java:81)
	at org.codehaus.groovy.reflection.CachedClass$3.initValue(CachedClass.java:79)
	at org.codehaus.groovy.util.LazyReference.getLocked(LazyReference.java:46)
	at org.codehaus.groovy.util.LazyReference.get(LazyReference.java:33)
	at org.codehaus.groovy.reflection.CachedClass.getMethods(CachedClass.java:250)
	at org.codehaus.groovy.reflection.CachedClass$3.initValue(CachedClass.java:116)
	at org.codehaus.groovy.reflection.CachedClass$3.initValue(CachedClass.java:79)
	at org.codehaus.groovy.util.LazyReference.getLocked(LazyReference.java:46)
	at org.codehaus.groovy.util.LazyReference.get(LazyReference.java:33)
	at org.codehaus.groovy.reflection.CachedClass.getMethods(CachedClass.java:250)
	at org.codehaus.groovy.reflection.CachedClass$3.initValue(CachedClass.java:116)
	at org.codehaus.groovy.reflection.CachedClass$3.initValue(CachedClass.java:79)
	at org.codehaus.groovy.util.LazyReference.getLocked(LazyReference.java:46)
	at org.codehaus.groovy.util.LazyReference.get(LazyReference.java:33)
	at org.codehaus.groovy.reflection.CachedClass.getMethods(CachedClass.java:250)
	at org.codehaus.groovy.runtime.metaclass.MetaClassRegistryImpl.registerMethods(MetaClassRegistryImpl.java:211)
	at org.codehaus.groovy.runtime.metaclass.MetaClassRegistryImpl.<init>(MetaClassRegistryImpl.java:101)
	at org.codehaus.groovy.runtime.metaclass.MetaClassRegistryImpl.<init>(MetaClassRegistryImpl.java:71)
	at groovy.lang.GroovySystem.<clinit>(GroovySystem.java:33)
	... 9 common frames omitted
14:32:45.758 INFO  [c.p.d.DepartmentServiceApplication      ] Starting DepartmentServiceApplication using Java 17.0.7 with PID 11808 (C:\Users\HP\Desktop\Java Backend\springboot-microservices\department-service\target\classes started by HP in C:\Users\HP\Desktop\Java Backend\springboot-microservices) [main] 
14:32:45.770 INFO  [c.p.d.DepartmentServiceApplication      ] No active profile set, falling back to 1 default profile: "default" [main] 
14:32:46.505 ERROR [o.springframework.boot.SpringApplication] Application run failed [main] 
java.lang.ExceptionInInitializerError: null
	at org.springframework.beans.factory.groovy.GroovyBeanDefinitionReader.<init>(GroovyBeanDefinitionReader.java:151)
	at org.springframework.boot.BeanDefinitionLoader.<init>(BeanDefinitionLoader.java:89)
	at org.springframework.boot.SpringApplication.createBeanDefinitionLoader(SpringApplication.java:754)
	at org.springframework.boot.SpringApplication.load(SpringApplication.java:697)
	at org.springframework.boot.SpringApplication.prepareContext(SpringApplication.java:438)
	at org.springframework.boot.SpringApplication.run(SpringApplication.java:333)
	at org.springframework.boot.SpringApplication.run(SpringApplication.java:1358)
	at org.springframework.boot.SpringApplication.run(SpringApplication.java:1347)
	at com.project.departmentservice.DepartmentServiceApplication.main(DepartmentServiceApplication.java:10)
Caused by: java.lang.reflect.InaccessibleObjectException: Unable to make protected void java.lang.Object.finalize() throws java.lang.Throwable accessible: module java.base does not "opens java.lang" to unnamed module @24b1d79b
	at java.base/java.lang.reflect.AccessibleObject.checkCanSetAccessible(AccessibleObject.java:354)
	at java.base/java.lang.reflect.AccessibleObject.checkCanSetAccessible(AccessibleObject.java:297)
	at java.base/java.lang.reflect.Method.checkCanSetAccessible(Method.java:199)
	at java.base/java.lang.reflect.AccessibleObject.setAccessible(AccessibleObject.java:130)
	at org.codehaus.groovy.reflection.CachedClass$3$1.run(CachedClass.java:86)
	at java.base/java.security.AccessController.doPrivileged(AccessController.java:318)
	at org.codehaus.groovy.reflection.CachedClass$3.initValue(CachedClass.java:81)
	at org.codehaus.groovy.reflection.CachedClass$3.initValue(CachedClass.java:79)
	at org.codehaus.groovy.util.LazyReference.getLocked(LazyReference.java:46)
	at org.codehaus.groovy.util.LazyReference.get(LazyReference.java:33)
	at org.codehaus.groovy.reflection.CachedClass.getMethods(CachedClass.java:250)
	at org.codehaus.groovy.reflection.CachedClass$3.initValue(CachedClass.java:116)
	at org.codehaus.groovy.reflection.CachedClass$3.initValue(CachedClass.java:79)
	at org.codehaus.groovy.util.LazyReference.getLocked(LazyReference.java:46)
	at org.codehaus.groovy.util.LazyReference.get(LazyReference.java:33)
	at org.codehaus.groovy.reflection.CachedClass.getMethods(CachedClass.java:250)
	at org.codehaus.groovy.reflection.CachedClass$3.initValue(CachedClass.java:116)
	at org.codehaus.groovy.reflection.CachedClass$3.initValue(CachedClass.java:79)
	at org.codehaus.groovy.util.LazyReference.getLocked(LazyReference.java:46)
	at org.codehaus.groovy.util.LazyReference.get(LazyReference.java:33)
	at org.codehaus.groovy.reflection.CachedClass.getMethods(CachedClass.java:250)
	at org.codehaus.groovy.runtime.metaclass.MetaClassRegistryImpl.registerMethods(MetaClassRegistryImpl.java:211)
	at org.codehaus.groovy.runtime.metaclass.MetaClassRegistryImpl.<init>(MetaClassRegistryImpl.java:101)
	at org.codehaus.groovy.runtime.metaclass.MetaClassRegistryImpl.<init>(MetaClassRegistryImpl.java:71)
	at groovy.lang.GroovySystem.<clinit>(GroovySystem.java:33)
	... 9 common frames omitted
14:35:45.169 INFO  [c.p.d.DepartmentServiceApplication      ] Starting DepartmentServiceApplication using Java 17.0.7 with PID 10152 (C:\Users\HP\Desktop\Java Backend\springboot-microservices\department-service\target\classes started by HP in C:\Users\HP\Desktop\Java Backend\springboot-microservices) [main] 
14:35:45.174 INFO  [c.p.d.DepartmentServiceApplication      ] No active profile set, falling back to 1 default profile: "default" [main] 
14:35:45.824 ERROR [o.springframework.boot.SpringApplication] Application run failed [main] 
java.lang.ExceptionInInitializerError: null
	at org.springframework.beans.factory.groovy.GroovyBeanDefinitionReader.<init>(GroovyBeanDefinitionReader.java:151)
	at org.springframework.boot.BeanDefinitionLoader.<init>(BeanDefinitionLoader.java:89)
	at org.springframework.boot.SpringApplication.createBeanDefinitionLoader(SpringApplication.java:754)
	at org.springframework.boot.SpringApplication.load(SpringApplication.java:697)
	at org.springframework.boot.SpringApplication.prepareContext(SpringApplication.java:438)
	at org.springframework.boot.SpringApplication.run(SpringApplication.java:333)
	at org.springframework.boot.SpringApplication.run(SpringApplication.java:1358)
	at org.springframework.boot.SpringApplication.run(SpringApplication.java:1347)
	at com.project.departmentservice.DepartmentServiceApplication.main(DepartmentServiceApplication.java:10)
Caused by: java.lang.reflect.InaccessibleObjectException: Unable to make protected void java.lang.Object.finalize() throws java.lang.Throwable accessible: module java.base does not "opens java.lang" to unnamed module @1f021e6c
	at java.base/java.lang.reflect.AccessibleObject.checkCanSetAccessible(AccessibleObject.java:354)
	at java.base/java.lang.reflect.AccessibleObject.checkCanSetAccessible(AccessibleObject.java:297)
	at java.base/java.lang.reflect.Method.checkCanSetAccessible(Method.java:199)
	at java.base/java.lang.reflect.AccessibleObject.setAccessible(AccessibleObject.java:130)
	at org.codehaus.groovy.reflection.CachedClass$3$1.run(CachedClass.java:86)
	at java.base/java.security.AccessController.doPrivileged(AccessController.java:318)
	at org.codehaus.groovy.reflection.CachedClass$3.initValue(CachedClass.java:81)
	at org.codehaus.groovy.reflection.CachedClass$3.initValue(CachedClass.java:79)
	at org.codehaus.groovy.util.LazyReference.getLocked(LazyReference.java:46)
	at org.codehaus.groovy.util.LazyReference.get(LazyReference.java:33)
	at org.codehaus.groovy.reflection.CachedClass.getMethods(CachedClass.java:250)
	at org.codehaus.groovy.reflection.CachedClass$3.initValue(CachedClass.java:116)
	at org.codehaus.groovy.reflection.CachedClass$3.initValue(CachedClass.java:79)
	at org.codehaus.groovy.util.LazyReference.getLocked(LazyReference.java:46)
	at org.codehaus.groovy.util.LazyReference.get(LazyReference.java:33)
	at org.codehaus.groovy.reflection.CachedClass.getMethods(CachedClass.java:250)
	at org.codehaus.groovy.reflection.CachedClass$3.initValue(CachedClass.java:116)
	at org.codehaus.groovy.reflection.CachedClass$3.initValue(CachedClass.java:79)
	at org.codehaus.groovy.util.LazyReference.getLocked(LazyReference.java:46)
	at org.codehaus.groovy.util.LazyReference.get(LazyReference.java:33)
	at org.codehaus.groovy.reflection.CachedClass.getMethods(CachedClass.java:250)
	at org.codehaus.groovy.runtime.metaclass.MetaClassRegistryImpl.registerMethods(MetaClassRegistryImpl.java:211)
	at org.codehaus.groovy.runtime.metaclass.MetaClassRegistryImpl.<init>(MetaClassRegistryImpl.java:101)
	at org.codehaus.groovy.runtime.metaclass.MetaClassRegistryImpl.<init>(MetaClassRegistryImpl.java:71)
	at groovy.lang.GroovySystem.<clinit>(GroovySystem.java:33)
	... 9 common frames omitted
14:38:34.673 INFO  [c.p.d.DepartmentServiceApplication      ] Starting DepartmentServiceApplication using Java 17.0.7 with PID 3504 (C:\Users\HP\Desktop\Java Backend\springboot-microservices\department-service\target\classes started by HP in C:\Users\HP\Desktop\Java Backend\springboot-microservices) [main] 
14:38:34.705 INFO  [c.p.d.DepartmentServiceApplication      ] No active profile set, falling back to 1 default profile: "default" [main] 
14:38:36.183 ERROR [o.springframework.boot.SpringApplication] Application run failed [main] 
java.lang.ExceptionInInitializerError: null
	at org.springframework.beans.factory.groovy.GroovyBeanDefinitionReader.<init>(GroovyBeanDefinitionReader.java:151)
	at org.springframework.boot.BeanDefinitionLoader.<init>(BeanDefinitionLoader.java:89)
	at org.springframework.boot.SpringApplication.createBeanDefinitionLoader(SpringApplication.java:754)
	at org.springframework.boot.SpringApplication.load(SpringApplication.java:697)
	at org.springframework.boot.SpringApplication.prepareContext(SpringApplication.java:438)
	at org.springframework.boot.SpringApplication.run(SpringApplication.java:333)
	at org.springframework.boot.SpringApplication.run(SpringApplication.java:1358)
	at org.springframework.boot.SpringApplication.run(SpringApplication.java:1347)
	at com.project.departmentservice.DepartmentServiceApplication.main(DepartmentServiceApplication.java:10)
Caused by: java.lang.reflect.InaccessibleObjectException: Unable to make protected void java.lang.Object.finalize() throws java.lang.Throwable accessible: module java.base does not "opens java.lang" to unnamed module @24b1d79b
	at java.base/java.lang.reflect.AccessibleObject.checkCanSetAccessible(AccessibleObject.java:354)
	at java.base/java.lang.reflect.AccessibleObject.checkCanSetAccessible(AccessibleObject.java:297)
	at java.base/java.lang.reflect.Method.checkCanSetAccessible(Method.java:199)
	at java.base/java.lang.reflect.AccessibleObject.setAccessible(AccessibleObject.java:130)
	at org.codehaus.groovy.reflection.CachedClass$3$1.run(CachedClass.java:86)
	at java.base/java.security.AccessController.doPrivileged(AccessController.java:318)
	at org.codehaus.groovy.reflection.CachedClass$3.initValue(CachedClass.java:81)
	at org.codehaus.groovy.reflection.CachedClass$3.initValue(CachedClass.java:79)
	at org.codehaus.groovy.util.LazyReference.getLocked(LazyReference.java:46)
	at org.codehaus.groovy.util.LazyReference.get(LazyReference.java:33)
	at org.codehaus.groovy.reflection.CachedClass.getMethods(CachedClass.java:250)
	at org.codehaus.groovy.reflection.CachedClass$3.initValue(CachedClass.java:116)
	at org.codehaus.groovy.reflection.CachedClass$3.initValue(CachedClass.java:79)
	at org.codehaus.groovy.util.LazyReference.getLocked(LazyReference.java:46)
	at org.codehaus.groovy.util.LazyReference.get(LazyReference.java:33)
	at org.codehaus.groovy.reflection.CachedClass.getMethods(CachedClass.java:250)
	at org.codehaus.groovy.reflection.CachedClass$3.initValue(CachedClass.java:116)
	at org.codehaus.groovy.reflection.CachedClass$3.initValue(CachedClass.java:79)
	at org.codehaus.groovy.util.LazyReference.getLocked(LazyReference.java:46)
	at org.codehaus.groovy.util.LazyReference.get(LazyReference.java:33)
	at org.codehaus.groovy.reflection.CachedClass.getMethods(CachedClass.java:250)
	at org.codehaus.groovy.runtime.metaclass.MetaClassRegistryImpl.registerMethods(MetaClassRegistryImpl.java:211)
	at org.codehaus.groovy.runtime.metaclass.MetaClassRegistryImpl.<init>(MetaClassRegistryImpl.java:101)
	at org.codehaus.groovy.runtime.metaclass.MetaClassRegistryImpl.<init>(MetaClassRegistryImpl.java:71)
	at groovy.lang.GroovySystem.<clinit>(GroovySystem.java:33)
	... 9 common frames omitted
14:39:02.089 INFO  [c.p.d.DepartmentServiceApplication      ] Starting DepartmentServiceApplication using Java 17.0.7 with PID 12768 (C:\Users\HP\Desktop\Java Backend\springboot-microservices\department-service\target\classes started by HP in C:\Users\HP\Desktop\Java Backend\springboot-microservices) [main] 
14:39:02.099 INFO  [c.p.d.DepartmentServiceApplication      ] No active profile set, falling back to 1 default profile: "default" [main] 
14:39:02.918 ERROR [o.springframework.boot.SpringApplication] Application run failed [main] 
java.lang.ExceptionInInitializerError: null
	at org.springframework.beans.factory.groovy.GroovyBeanDefinitionReader.<init>(GroovyBeanDefinitionReader.java:151)
	at org.springframework.boot.BeanDefinitionLoader.<init>(BeanDefinitionLoader.java:89)
	at org.springframework.boot.SpringApplication.createBeanDefinitionLoader(SpringApplication.java:754)
	at org.springframework.boot.SpringApplication.load(SpringApplication.java:697)
	at org.springframework.boot.SpringApplication.prepareContext(SpringApplication.java:438)
	at org.springframework.boot.SpringApplication.run(SpringApplication.java:333)
	at org.springframework.boot.SpringApplication.run(SpringApplication.java:1358)
	at org.springframework.boot.SpringApplication.run(SpringApplication.java:1347)
	at com.project.departmentservice.DepartmentServiceApplication.main(DepartmentServiceApplication.java:10)
Caused by: java.lang.reflect.InaccessibleObjectException: Unable to make protected void java.lang.Object.finalize() throws java.lang.Throwable accessible: module java.base does not "opens java.lang" to unnamed module @1f021e6c
	at java.base/java.lang.reflect.AccessibleObject.checkCanSetAccessible(AccessibleObject.java:354)
	at java.base/java.lang.reflect.AccessibleObject.checkCanSetAccessible(AccessibleObject.java:297)
	at java.base/java.lang.reflect.Method.checkCanSetAccessible(Method.java:199)
	at java.base/java.lang.reflect.AccessibleObject.setAccessible(AccessibleObject.java:130)
	at org.codehaus.groovy.reflection.CachedClass$3$1.run(CachedClass.java:86)
	at java.base/java.security.AccessController.doPrivileged(AccessController.java:318)
	at org.codehaus.groovy.reflection.CachedClass$3.initValue(CachedClass.java:81)
	at org.codehaus.groovy.reflection.CachedClass$3.initValue(CachedClass.java:79)
	at org.codehaus.groovy.util.LazyReference.getLocked(LazyReference.java:46)
	at org.codehaus.groovy.util.LazyReference.get(LazyReference.java:33)
	at org.codehaus.groovy.reflection.CachedClass.getMethods(CachedClass.java:250)
	at org.codehaus.groovy.reflection.CachedClass$3.initValue(CachedClass.java:116)
	at org.codehaus.groovy.reflection.CachedClass$3.initValue(CachedClass.java:79)
	at org.codehaus.groovy.util.LazyReference.getLocked(LazyReference.java:46)
	at org.codehaus.groovy.util.LazyReference.get(LazyReference.java:33)
	at org.codehaus.groovy.reflection.CachedClass.getMethods(CachedClass.java:250)
	at org.codehaus.groovy.reflection.CachedClass$3.initValue(CachedClass.java:116)
	at org.codehaus.groovy.reflection.CachedClass$3.initValue(CachedClass.java:79)
	at org.codehaus.groovy.util.LazyReference.getLocked(LazyReference.java:46)
	at org.codehaus.groovy.util.LazyReference.get(LazyReference.java:33)
	at org.codehaus.groovy.reflection.CachedClass.getMethods(CachedClass.java:250)
	at org.codehaus.groovy.runtime.metaclass.MetaClassRegistryImpl.registerMethods(MetaClassRegistryImpl.java:211)
	at org.codehaus.groovy.runtime.metaclass.MetaClassRegistryImpl.<init>(MetaClassRegistryImpl.java:101)
	at org.codehaus.groovy.runtime.metaclass.MetaClassRegistryImpl.<init>(MetaClassRegistryImpl.java:71)
	at groovy.lang.GroovySystem.<clinit>(GroovySystem.java:33)
	... 9 common frames omitted
