15:05:13.936 INFO  [c.p.d.DepartmentServiceApplication      ] Starting DepartmentServiceApplication using Java 17.0.7 with PID 9308 (C:\Users\HP\Desktop\Java Backend\springboot-microservices\department-service\target\classes started by HP in C:\Users\HP\Desktop\Java Backend\springboot-microservices) [main] 
15:05:14.063 INFO  [c.p.d.DepartmentServiceApplication      ] No active profile set, falling back to 1 default profile: "default" [main] 
15:05:15.405 ERROR [o.springframework.boot.SpringApplication] Application run failed [main] 
java.lang.ExceptionInInitializerError: null
	at org.springframework.beans.factory.groovy.GroovyBeanDefinitionReader.<init>(GroovyBeanDefinitionReader.java:151)
	at org.springframework.boot.BeanDefinitionLoader.<init>(BeanDefinitionLoader.java:89)
	at org.springframework.boot.SpringApplication.createBeanDefinitionLoader(SpringApplication.java:754)
	at org.springframework.boot.SpringApplication.load(SpringApplication.java:697)
	at org.springframework.boot.SpringApplication.prepareContext(SpringApplication.java:438)
	at org.springframework.boot.SpringApplication.run(SpringApplication.java:333)
	at org.springframework.boot.SpringApplication.run(SpringApplication.java:1358)
	at org.springframework.boot.SpringApplication.run(SpringApplication.java:1347)
	at com.project.departmentservice.DepartmentServiceApplication.main(DepartmentServiceApplication.java:10)
Caused by: java.lang.reflect.InaccessibleObjectException: Unable to make protected void java.lang.Object.finalize() throws java.lang.Throwable accessible: module java.base does not "opens java.lang" to unnamed module @24b1d79b
	at java.base/java.lang.reflect.AccessibleObject.checkCanSetAccessible(AccessibleObject.java:354)
	at java.base/java.lang.reflect.AccessibleObject.checkCanSetAccessible(AccessibleObject.java:297)
	at java.base/java.lang.reflect.Method.checkCanSetAccessible(Method.java:199)
	at java.base/java.lang.reflect.AccessibleObject.setAccessible(AccessibleObject.java:130)
	at org.codehaus.groovy.reflection.CachedClass$3$1.run(CachedClass.java:86)
	at java.base/java.security.AccessController.doPrivileged(AccessController.java:318)
	at org.codehaus.groovy.reflection.CachedClass$3.initValue(CachedClass.java:81)
	at org.codehaus.groovy.reflection.CachedClass$3.initValue(CachedClass.java:79)
	at org.codehaus.groovy.util.LazyReference.getLocked(LazyReference.java:46)
	at org.codehaus.groovy.util.LazyReference.get(LazyReference.java:33)
	at org.codehaus.groovy.reflection.CachedClass.getMethods(CachedClass.java:250)
	at org.codehaus.groovy.reflection.CachedClass$3.initValue(CachedClass.java:116)
	at org.codehaus.groovy.reflection.CachedClass$3.initValue(CachedClass.java:79)
	at org.codehaus.groovy.util.LazyReference.getLocked(LazyReference.java:46)
	at org.codehaus.groovy.util.LazyReference.get(LazyReference.java:33)
	at org.codehaus.groovy.reflection.CachedClass.getMethods(CachedClass.java:250)
	at org.codehaus.groovy.reflection.CachedClass$3.initValue(CachedClass.java:116)
	at org.codehaus.groovy.reflection.CachedClass$3.initValue(CachedClass.java:79)
	at org.codehaus.groovy.util.LazyReference.getLocked(LazyReference.java:46)
	at org.codehaus.groovy.util.LazyReference.get(LazyReference.java:33)
	at org.codehaus.groovy.reflection.CachedClass.getMethods(CachedClass.java:250)
	at org.codehaus.groovy.runtime.metaclass.MetaClassRegistryImpl.registerMethods(MetaClassRegistryImpl.java:211)
	at org.codehaus.groovy.runtime.metaclass.MetaClassRegistryImpl.<init>(MetaClassRegistryImpl.java:101)
	at org.codehaus.groovy.runtime.metaclass.MetaClassRegistryImpl.<init>(MetaClassRegistryImpl.java:71)
	at groovy.lang.GroovySystem.<clinit>(GroovySystem.java:33)
	... 9 common frames omitted
15:18:46.735 INFO  [c.p.d.DepartmentServiceApplication      ] Starting DepartmentServiceApplication using Java 17.0.7 with PID 7912 (C:\Users\HP\Desktop\Java Backend\springboot-microservices\department-service\target\classes started by HP in C:\Users\HP\Desktop\Java Backend\springboot-microservices) [main] 
15:18:46.748 INFO  [c.p.d.DepartmentServiceApplication      ] No active profile set, falling back to 1 default profile: "default" [main] 
15:18:47.655 ERROR [o.springframework.boot.SpringApplication] Application run failed [main] 
java.lang.ExceptionInInitializerError: null
	at org.springframework.beans.factory.groovy.GroovyBeanDefinitionReader.<init>(GroovyBeanDefinitionReader.java:151)
	at org.springframework.boot.BeanDefinitionLoader.<init>(BeanDefinitionLoader.java:89)
	at org.springframework.boot.SpringApplication.createBeanDefinitionLoader(SpringApplication.java:754)
	at org.springframework.boot.SpringApplication.load(SpringApplication.java:697)
	at org.springframework.boot.SpringApplication.prepareContext(SpringApplication.java:438)
	at org.springframework.boot.SpringApplication.run(SpringApplication.java:333)
	at org.springframework.boot.SpringApplication.run(SpringApplication.java:1358)
	at org.springframework.boot.SpringApplication.run(SpringApplication.java:1347)
	at com.project.departmentservice.DepartmentServiceApplication.main(DepartmentServiceApplication.java:10)
Caused by: java.lang.reflect.InaccessibleObjectException: Unable to make protected void java.lang.Object.finalize() throws java.lang.Throwable accessible: module java.base does not "opens java.lang" to unnamed module @1f021e6c
	at java.base/java.lang.reflect.AccessibleObject.checkCanSetAccessible(AccessibleObject.java:354)
	at java.base/java.lang.reflect.AccessibleObject.checkCanSetAccessible(AccessibleObject.java:297)
	at java.base/java.lang.reflect.Method.checkCanSetAccessible(Method.java:199)
	at java.base/java.lang.reflect.AccessibleObject.setAccessible(AccessibleObject.java:130)
	at org.codehaus.groovy.reflection.CachedClass$3$1.run(CachedClass.java:86)
	at java.base/java.security.AccessController.doPrivileged(AccessController.java:318)
	at org.codehaus.groovy.reflection.CachedClass$3.initValue(CachedClass.java:81)
	at org.codehaus.groovy.reflection.CachedClass$3.initValue(CachedClass.java:79)
	at org.codehaus.groovy.util.LazyReference.getLocked(LazyReference.java:46)
	at org.codehaus.groovy.util.LazyReference.get(LazyReference.java:33)
	at org.codehaus.groovy.reflection.CachedClass.getMethods(CachedClass.java:250)
	at org.codehaus.groovy.reflection.CachedClass$3.initValue(CachedClass.java:116)
	at org.codehaus.groovy.reflection.CachedClass$3.initValue(CachedClass.java:79)
	at org.codehaus.groovy.util.LazyReference.getLocked(LazyReference.java:46)
	at org.codehaus.groovy.util.LazyReference.get(LazyReference.java:33)
	at org.codehaus.groovy.reflection.CachedClass.getMethods(CachedClass.java:250)
	at org.codehaus.groovy.reflection.CachedClass$3.initValue(CachedClass.java:116)
	at org.codehaus.groovy.reflection.CachedClass$3.initValue(CachedClass.java:79)
	at org.codehaus.groovy.util.LazyReference.getLocked(LazyReference.java:46)
	at org.codehaus.groovy.util.LazyReference.get(LazyReference.java:33)
	at org.codehaus.groovy.reflection.CachedClass.getMethods(CachedClass.java:250)
	at org.codehaus.groovy.runtime.metaclass.MetaClassRegistryImpl.registerMethods(MetaClassRegistryImpl.java:211)
	at org.codehaus.groovy.runtime.metaclass.MetaClassRegistryImpl.<init>(MetaClassRegistryImpl.java:101)
	at org.codehaus.groovy.runtime.metaclass.MetaClassRegistryImpl.<init>(MetaClassRegistryImpl.java:71)
	at groovy.lang.GroovySystem.<clinit>(GroovySystem.java:33)
	... 9 common frames omitted
15:25:57.630 INFO  [c.p.d.DepartmentServiceApplication      ] Starting DepartmentServiceApplication using Java 17.0.7 with PID 3340 (C:\Users\HP\Desktop\Java Backend\springboot-microservices\department-service\target\classes started by HP in C:\Users\HP\Desktop\Java Backend\springboot-microservices) [main] 
15:25:57.637 INFO  [c.p.d.DepartmentServiceApplication      ] No active profile set, falling back to 1 default profile: "default" [main] 
15:26:16.696 INFO  [c.p.d.DepartmentServiceApplication      ] Starting DepartmentServiceApplication using Java 17.0.7 with PID 14116 (C:\Users\HP\Desktop\Java Backend\springboot-microservices\department-service\target\classes started by HP in C:\Users\HP\Desktop\Java Backend\springboot-microservices) [main] 
15:26:16.700 INFO  [c.p.d.DepartmentServiceApplication      ] No active profile set, falling back to 1 default profile: "default" [main] 
15:26:17.488 ERROR [o.springframework.boot.SpringApplication] Application run failed [main] 
java.lang.ExceptionInInitializerError: null
	at org.springframework.beans.factory.groovy.GroovyBeanDefinitionReader.<init>(GroovyBeanDefinitionReader.java:151)
	at org.springframework.boot.BeanDefinitionLoader.<init>(BeanDefinitionLoader.java:89)
	at org.springframework.boot.SpringApplication.createBeanDefinitionLoader(SpringApplication.java:754)
	at org.springframework.boot.SpringApplication.load(SpringApplication.java:697)
	at org.springframework.boot.SpringApplication.prepareContext(SpringApplication.java:438)
	at org.springframework.boot.SpringApplication.run(SpringApplication.java:333)
	at org.springframework.boot.SpringApplication.run(SpringApplication.java:1358)
	at org.springframework.boot.SpringApplication.run(SpringApplication.java:1347)
	at com.project.departmentservice.DepartmentServiceApplication.main(DepartmentServiceApplication.java:10)
Caused by: java.lang.reflect.InaccessibleObjectException: Unable to make protected void java.lang.Object.finalize() throws java.lang.Throwable accessible: module java.base does not "opens java.lang" to unnamed module @1f021e6c
	at java.base/java.lang.reflect.AccessibleObject.checkCanSetAccessible(AccessibleObject.java:354)
	at java.base/java.lang.reflect.AccessibleObject.checkCanSetAccessible(AccessibleObject.java:297)
	at java.base/java.lang.reflect.Method.checkCanSetAccessible(Method.java:199)
	at java.base/java.lang.reflect.AccessibleObject.setAccessible(AccessibleObject.java:130)
	at org.codehaus.groovy.reflection.CachedClass$3$1.run(CachedClass.java:86)
	at java.base/java.security.AccessController.doPrivileged(AccessController.java:318)
	at org.codehaus.groovy.reflection.CachedClass$3.initValue(CachedClass.java:81)
	at org.codehaus.groovy.reflection.CachedClass$3.initValue(CachedClass.java:79)
	at org.codehaus.groovy.util.LazyReference.getLocked(LazyReference.java:46)
	at org.codehaus.groovy.util.LazyReference.get(LazyReference.java:33)
	at org.codehaus.groovy.reflection.CachedClass.getMethods(CachedClass.java:250)
	at org.codehaus.groovy.reflection.CachedClass$3.initValue(CachedClass.java:116)
	at org.codehaus.groovy.reflection.CachedClass$3.initValue(CachedClass.java:79)
	at org.codehaus.groovy.util.LazyReference.getLocked(LazyReference.java:46)
	at org.codehaus.groovy.util.LazyReference.get(LazyReference.java:33)
	at org.codehaus.groovy.reflection.CachedClass.getMethods(CachedClass.java:250)
	at org.codehaus.groovy.reflection.CachedClass$3.initValue(CachedClass.java:116)
	at org.codehaus.groovy.reflection.CachedClass$3.initValue(CachedClass.java:79)
	at org.codehaus.groovy.util.LazyReference.getLocked(LazyReference.java:46)
	at org.codehaus.groovy.util.LazyReference.get(LazyReference.java:33)
	at org.codehaus.groovy.reflection.CachedClass.getMethods(CachedClass.java:250)
	at org.codehaus.groovy.runtime.metaclass.MetaClassRegistryImpl.registerMethods(MetaClassRegistryImpl.java:211)
	at org.codehaus.groovy.runtime.metaclass.MetaClassRegistryImpl.<init>(MetaClassRegistryImpl.java:101)
	at org.codehaus.groovy.runtime.metaclass.MetaClassRegistryImpl.<init>(MetaClassRegistryImpl.java:71)
	at groovy.lang.GroovySystem.<clinit>(GroovySystem.java:33)
	... 9 common frames omitted
15:37:35.995 INFO  [c.p.d.DepartmentServiceApplication      ] Starting DepartmentServiceApplication using Java 17.0.7 with PID 15952 (C:\Users\HP\Desktop\Java Backend\springboot-microservices\department-service\target\classes started by HP in C:\Users\HP\Desktop\Java Backend\springboot-microservices) [main] 
15:37:36.001 INFO  [c.p.d.DepartmentServiceApplication      ] No active profile set, falling back to 1 default profile: "default" [main] 
15:37:41.407 INFO  [o.s.d.r.c.RepositoryConfigurationDelegate] Bootstrapping Spring Data JPA repositories in DEFAULT mode. [main] 
15:37:41.891 INFO  [o.s.d.r.c.RepositoryConfigurationDelegate] Finished Spring Data repository scanning in 408 ms. Found 1 JPA repository interface. [main] 
15:37:45.096 INFO  [o.s.b.w.embedded.tomcat.TomcatWebServer ] Tomcat initialized with port 8080 (http) [main] 
15:37:45.206 INFO  [o.apache.coyote.http11.Http11NioProtocol] Initializing ProtocolHandler ["http-nio-8080"] [main] 
15:37:45.211 INFO  [o.apache.catalina.core.StandardService  ] Starting service [Tomcat] [main] 
15:37:45.212 INFO  [org.apache.catalina.core.StandardEngine ] Starting Servlet engine: [Apache Tomcat/10.1.17] [main] 
15:37:45.552 INFO  [o.a.c.c.C.[Tomcat].[localhost].[/]      ] Initializing Spring embedded WebApplicationContext [main] 
15:37:45.555 INFO  [o.s.b.w.s.c.ServletWebServerApplicationContext] Root WebApplicationContext: initialization completed in 8617 ms [main] 
15:37:46.887 INFO  [o.hibernate.jpa.internal.util.LogHelper ] HHH000204: Processing PersistenceUnitInfo [name: default] [main] 
15:37:47.408 INFO  [org.hibernate.Version                   ] HHH000412: Hibernate ORM core version 6.4.1.Final [main] 
15:37:47.709 INFO  [o.h.c.internal.RegionFactoryInitiator   ] HHH000026: Second-level cache disabled [main] 
15:37:50.243 INFO  [o.s.o.j.p.SpringPersistenceUnitInfo     ] No LoadTimeWeaver setup: ignoring JPA class transformer [main] 
15:37:50.681 INFO  [com.zaxxer.hikari.HikariDataSource      ] HikariPool-1 - Starting... [main] 
15:37:57.193 INFO  [com.zaxxer.hikari.pool.HikariPool       ] HikariPool-1 - Added connection com.mysql.cj.jdbc.ConnectionImpl@334b392d [main] 
15:37:57.209 INFO  [com.zaxxer.hikari.HikariDataSource      ] HikariPool-1 - Start completed. [main] 
15:37:59.596 WARN  [o.h.e.j.e.i.JdbcEnvironmentInitiator    ] HHH000342: Could not obtain connection to query metadata [main] 
org.hibernate.boot.registry.selector.spi.StrategySelectionException: Unable to resolve name [org.hibernate.dialect.MySQL5Dialect] as strategy [org.hibernate.dialect.Dialect]
	at org.hibernate.boot.registry.selector.internal.StrategySelectorImpl.selectStrategyImplementor(StrategySelectorImpl.java:154)
	at org.hibernate.boot.registry.selector.internal.StrategySelectorImpl.resolveStrategy(StrategySelectorImpl.java:236)
	at org.hibernate.boot.registry.selector.internal.StrategySelectorImpl.resolveStrategy(StrategySelectorImpl.java:189)
	at org.hibernate.engine.jdbc.dialect.internal.DialectFactoryImpl.constructDialect(DialectFactoryImpl.java:123)
	at org.hibernate.engine.jdbc.dialect.internal.DialectFactoryImpl.buildDialect(DialectFactoryImpl.java:88)
	at org.hibernate.engine.jdbc.env.internal.JdbcEnvironmentInitiator$1.execute(JdbcEnvironmentInitiator.java:328)
	at org.hibernate.engine.jdbc.env.internal.JdbcEnvironmentInitiator$1.execute(JdbcEnvironmentInitiator.java:277)
	at org.hibernate.jdbc.WorkExecutor.executeReturningWork(WorkExecutor.java:58)
	at org.hibernate.jdbc.AbstractReturningWork.accept(AbstractReturningWork.java:34)
	at org.hibernate.resource.transaction.backend.jdbc.internal.JdbcIsolationDelegate.delegateWork(JdbcIsolationDelegate.java:70)
	at org.hibernate.engine.jdbc.env.internal.JdbcEnvironmentInitiator.getJdbcEnvironmentUsingJdbcMetadata(JdbcEnvironmentInitiator.java:276)
	at org.hibernate.engine.jdbc.env.internal.JdbcEnvironmentInitiator.initiateService(JdbcEnvironmentInitiator.java:107)
	at org.hibernate.engine.jdbc.env.internal.JdbcEnvironmentInitiator.initiateService(JdbcEnvironmentInitiator.java:68)
	at org.hibernate.boot.registry.internal.StandardServiceRegistryImpl.initiateService(StandardServiceRegistryImpl.java:129)
	at org.hibernate.service.internal.AbstractServiceRegistryImpl.createService(AbstractServiceRegistryImpl.java:263)
	at org.hibernate.service.internal.AbstractServiceRegistryImpl.initializeService(AbstractServiceRegistryImpl.java:238)
	at org.hibernate.service.internal.AbstractServiceRegistryImpl.getService(AbstractServiceRegistryImpl.java:215)
	at org.hibernate.boot.model.relational.Database.<init>(Database.java:45)
	at org.hibernate.boot.internal.InFlightMetadataCollectorImpl.getDatabase(InFlightMetadataCollectorImpl.java:223)
	at org.hibernate.boot.internal.InFlightMetadataCollectorImpl.<init>(InFlightMetadataCollectorImpl.java:191)
	at org.hibernate.boot.model.process.spi.MetadataBuildingProcess.complete(MetadataBuildingProcess.java:170)
	at org.hibernate.jpa.boot.internal.EntityManagerFactoryBuilderImpl.metadata(EntityManagerFactoryBuilderImpl.java:1432)
	at org.hibernate.jpa.boot.internal.EntityManagerFactoryBuilderImpl.build(EntityManagerFactoryBuilderImpl.java:1503)
	at org.springframework.orm.jpa.vendor.SpringHibernateJpaPersistenceProvider.createContainerEntityManagerFactory(SpringHibernateJpaPersistenceProvider.java:75)
	at org.springframework.orm.jpa.LocalContainerEntityManagerFactoryBean.createNativeEntityManagerFactory(LocalContainerEntityManagerFactoryBean.java:376)
	at org.springframework.orm.jpa.AbstractEntityManagerFactoryBean.buildNativeEntityManagerFactory(AbstractEntityManagerFactoryBean.java:409)
	at org.springframework.orm.jpa.AbstractEntityManagerFactoryBean.afterPropertiesSet(AbstractEntityManagerFactoryBean.java:396)
	at org.springframework.orm.jpa.LocalContainerEntityManagerFactoryBean.afterPropertiesSet(LocalContainerEntityManagerFactoryBean.java:352)
	at org.springframework.beans.factory.support.AbstractAutowireCapableBeanFactory.invokeInitMethods(AbstractAutowireCapableBeanFactory.java:1820)
	at org.springframework.beans.factory.support.AbstractAutowireCapableBeanFactory.initializeBean(AbstractAutowireCapableBeanFactory.java:1769)
	at org.springframework.beans.factory.support.AbstractAutowireCapableBeanFactory.doCreateBean(AbstractAutowireCapableBeanFactory.java:599)
	at org.springframework.beans.factory.support.AbstractAutowireCapableBeanFactory.createBean(AbstractAutowireCapableBeanFactory.java:521)
	at org.springframework.beans.factory.support.AbstractBeanFactory.lambda$doGetBean$0(AbstractBeanFactory.java:325)
	at org.springframework.beans.factory.support.DefaultSingletonBeanRegistry.getSingleton(DefaultSingletonBeanRegistry.java:234)
	at org.springframework.beans.factory.support.AbstractBeanFactory.doGetBean(AbstractBeanFactory.java:323)
	at org.springframework.beans.factory.support.AbstractBeanFactory.getBean(AbstractBeanFactory.java:199)
	at org.springframework.context.support.AbstractApplicationContext.getBean(AbstractApplicationContext.java:1232)
	at org.springframework.context.support.AbstractApplicationContext.finishBeanFactoryInitialization(AbstractApplicationContext.java:950)
	at org.springframework.context.support.AbstractApplicationContext.refresh(AbstractApplicationContext.java:625)
	at org.springframework.boot.web.servlet.context.ServletWebServerApplicationContext.refresh(ServletWebServerApplicationContext.java:146)
	at org.springframework.boot.SpringApplication.refresh(SpringApplication.java:762)
	at org.springframework.boot.SpringApplication.refreshContext(SpringApplication.java:464)
	at org.springframework.boot.SpringApplication.run(SpringApplication.java:334)
	at org.springframework.boot.SpringApplication.run(SpringApplication.java:1358)
	at org.springframework.boot.SpringApplication.run(SpringApplication.java:1347)
	at com.project.departmentservice.DepartmentServiceApplication.main(DepartmentServiceApplication.java:10)
Caused by: org.hibernate.boot.registry.classloading.spi.ClassLoadingException: Unable to load class [org.hibernate.dialect.MySQL5Dialect]
	at org.hibernate.boot.registry.classloading.internal.ClassLoaderServiceImpl.classForName(ClassLoaderServiceImpl.java:126)
	at org.hibernate.boot.registry.selector.internal.StrategySelectorImpl.selectStrategyImplementor(StrategySelectorImpl.java:150)
	... 45 common frames omitted
Caused by: java.lang.ClassNotFoundException: Could not load requested class : org.hibernate.dialect.MySQL5Dialect
	at org.hibernate.boot.registry.classloading.internal.AggregatedClassLoader.findClass(AggregatedClassLoader.java:216)
	at java.base/java.lang.ClassLoader.loadClass(ClassLoader.java:587)
	at java.base/java.lang.ClassLoader.loadClass(ClassLoader.java:520)
	at java.base/java.lang.Class.forName0(Native Method)
	at java.base/java.lang.Class.forName(Class.java:467)
	at org.hibernate.boot.registry.classloading.internal.ClassLoaderServiceImpl.classForName(ClassLoaderServiceImpl.java:123)
	... 46 common frames omitted
Caused by: java.lang.Throwable: null
	at org.hibernate.boot.registry.classloading.internal.AggregatedClassLoader.findClass(AggregatedClassLoader.java:209)
	... 51 common frames omitted
	Suppressed: java.lang.ClassNotFoundException: org.hibernate.dialect.MySQL5Dialect
		at java.base/jdk.internal.loader.BuiltinClassLoader.loadClass(BuiltinClassLoader.java:641)
		at java.base/jdk.internal.loader.ClassLoaders$AppClassLoader.loadClass(ClassLoaders.java:188)
		at java.base/java.lang.ClassLoader.loadClass(ClassLoader.java:520)
		at org.hibernate.boot.registry.classloading.internal.AggregatedClassLoader.findClass(AggregatedClassLoader.java:206)
		... 51 common frames omitted
	Suppressed: java.lang.ClassNotFoundException: org.hibernate.dialect.MySQL5Dialect
		at java.base/jdk.internal.loader.BuiltinClassLoader.loadClass(BuiltinClassLoader.java:641)
		at java.base/jdk.internal.loader.ClassLoaders$AppClassLoader.loadClass(ClassLoaders.java:188)
		at java.base/java.lang.ClassLoader.loadClass(ClassLoader.java:520)
		at org.hibernate.boot.registry.classloading.internal.AggregatedClassLoader.findClass(AggregatedClassLoader.java:206)
		... 51 common frames omitted
	Suppressed: java.lang.ClassNotFoundException: org.hibernate.dialect.MySQL5Dialect
		at java.base/jdk.internal.loader.BuiltinClassLoader.loadClass(BuiltinClassLoader.java:641)
		at java.base/jdk.internal.loader.ClassLoaders$AppClassLoader.loadClass(ClassLoaders.java:188)
		at java.base/java.lang.ClassLoader.loadClass(ClassLoader.java:520)
		at org.hibernate.boot.registry.classloading.internal.AggregatedClassLoader.findClass(AggregatedClassLoader.java:206)
		... 51 common frames omitted
15:37:59.606 ERROR [o.s.o.j.LocalContainerEntityManagerFactoryBean] Failed to initialize JPA EntityManagerFactory: Unable to create requested service [org.hibernate.engine.jdbc.env.spi.JdbcEnvironment] due to: Unable to resolve name [org.hibernate.dialect.MySQL5Dialect] as strategy [org.hibernate.dialect.Dialect] [main] 
15:37:59.607 WARN  [o.s.b.w.s.c.AnnotationConfigServletWebServerApplicationContext] Exception encountered during context initialization - cancelling refresh attempt: org.springframework.beans.factory.BeanCreationException: Error creating bean with name 'entityManagerFactory' defined in class path resource [org/springframework/boot/autoconfigure/orm/jpa/HibernateJpaConfiguration.class]: Unable to create requested service [org.hibernate.engine.jdbc.env.spi.JdbcEnvironment] due to: Unable to resolve name [org.hibernate.dialect.MySQL5Dialect] as strategy [org.hibernate.dialect.Dialect] [main] 
15:37:59.608 INFO  [com.zaxxer.hikari.HikariDataSource      ] HikariPool-1 - Shutdown initiated... [main] 
15:37:59.800 INFO  [com.zaxxer.hikari.HikariDataSource      ] HikariPool-1 - Shutdown completed. [main] 
15:37:59.869 INFO  [o.apache.catalina.core.StandardService  ] Stopping service [Tomcat] [main] 
15:37:59.971 INFO  [o.s.b.a.l.ConditionEvaluationReportLogger] 

Error starting ApplicationContext. To display the condition evaluation report re-run your application with 'debug' enabled. [main] 
15:38:00.012 ERROR [o.springframework.boot.SpringApplication] Application run failed [main] 
org.springframework.beans.factory.BeanCreationException: Error creating bean with name 'entityManagerFactory' defined in class path resource [org/springframework/boot/autoconfigure/orm/jpa/HibernateJpaConfiguration.class]: Unable to create requested service [org.hibernate.engine.jdbc.env.spi.JdbcEnvironment] due to: Unable to resolve name [org.hibernate.dialect.MySQL5Dialect] as strategy [org.hibernate.dialect.Dialect]
	at org.springframework.beans.factory.support.AbstractAutowireCapableBeanFactory.initializeBean(AbstractAutowireCapableBeanFactory.java:1773)
	at org.springframework.beans.factory.support.AbstractAutowireCapableBeanFactory.doCreateBean(AbstractAutowireCapableBeanFactory.java:599)
	at org.springframework.beans.factory.support.AbstractAutowireCapableBeanFactory.createBean(AbstractAutowireCapableBeanFactory.java:521)
	at org.springframework.beans.factory.support.AbstractBeanFactory.lambda$doGetBean$0(AbstractBeanFactory.java:325)
	at org.springframework.beans.factory.support.DefaultSingletonBeanRegistry.getSingleton(DefaultSingletonBeanRegistry.java:234)
	at org.springframework.beans.factory.support.AbstractBeanFactory.doGetBean(AbstractBeanFactory.java:323)
	at org.springframework.beans.factory.support.AbstractBeanFactory.getBean(AbstractBeanFactory.java:199)
	at org.springframework.context.support.AbstractApplicationContext.getBean(AbstractApplicationContext.java:1232)
	at org.springframework.context.support.AbstractApplicationContext.finishBeanFactoryInitialization(AbstractApplicationContext.java:950)
	at org.springframework.context.support.AbstractApplicationContext.refresh(AbstractApplicationContext.java:625)
	at org.springframework.boot.web.servlet.context.ServletWebServerApplicationContext.refresh(ServletWebServerApplicationContext.java:146)
	at org.springframework.boot.SpringApplication.refresh(SpringApplication.java:762)
	at org.springframework.boot.SpringApplication.refreshContext(SpringApplication.java:464)
	at org.springframework.boot.SpringApplication.run(SpringApplication.java:334)
	at org.springframework.boot.SpringApplication.run(SpringApplication.java:1358)
	at org.springframework.boot.SpringApplication.run(SpringApplication.java:1347)
	at com.project.departmentservice.DepartmentServiceApplication.main(DepartmentServiceApplication.java:10)
Caused by: org.hibernate.service.spi.ServiceException: Unable to create requested service [org.hibernate.engine.jdbc.env.spi.JdbcEnvironment] due to: Unable to resolve name [org.hibernate.dialect.MySQL5Dialect] as strategy [org.hibernate.dialect.Dialect]
	at org.hibernate.service.internal.AbstractServiceRegistryImpl.createService(AbstractServiceRegistryImpl.java:276)
	at org.hibernate.service.internal.AbstractServiceRegistryImpl.initializeService(AbstractServiceRegistryImpl.java:238)
	at org.hibernate.service.internal.AbstractServiceRegistryImpl.getService(AbstractServiceRegistryImpl.java:215)
	at org.hibernate.boot.model.relational.Database.<init>(Database.java:45)
	at org.hibernate.boot.internal.InFlightMetadataCollectorImpl.getDatabase(InFlightMetadataCollectorImpl.java:223)
	at org.hibernate.boot.internal.InFlightMetadataCollectorImpl.<init>(InFlightMetadataCollectorImpl.java:191)
	at org.hibernate.boot.model.process.spi.MetadataBuildingProcess.complete(MetadataBuildingProcess.java:170)
	at org.hibernate.jpa.boot.internal.EntityManagerFactoryBuilderImpl.metadata(EntityManagerFactoryBuilderImpl.java:1432)
	at org.hibernate.jpa.boot.internal.EntityManagerFactoryBuilderImpl.build(EntityManagerFactoryBuilderImpl.java:1503)
	at org.springframework.orm.jpa.vendor.SpringHibernateJpaPersistenceProvider.createContainerEntityManagerFactory(SpringHibernateJpaPersistenceProvider.java:75)
	at org.springframework.orm.jpa.LocalContainerEntityManagerFactoryBean.createNativeEntityManagerFactory(LocalContainerEntityManagerFactoryBean.java:376)
	at org.springframework.orm.jpa.AbstractEntityManagerFactoryBean.buildNativeEntityManagerFactory(AbstractEntityManagerFactoryBean.java:409)
	at org.springframework.orm.jpa.AbstractEntityManagerFactoryBean.afterPropertiesSet(AbstractEntityManagerFactoryBean.java:396)
	at org.springframework.orm.jpa.LocalContainerEntityManagerFactoryBean.afterPropertiesSet(LocalContainerEntityManagerFactoryBean.java:352)
	at org.springframework.beans.factory.support.AbstractAutowireCapableBeanFactory.invokeInitMethods(AbstractAutowireCapableBeanFactory.java:1820)
	at org.springframework.beans.factory.support.AbstractAutowireCapableBeanFactory.initializeBean(AbstractAutowireCapableBeanFactory.java:1769)
	... 16 common frames omitted
Caused by: org.hibernate.boot.registry.selector.spi.StrategySelectionException: Unable to resolve name [org.hibernate.dialect.MySQL5Dialect] as strategy [org.hibernate.dialect.Dialect]
	at org.hibernate.boot.registry.selector.internal.StrategySelectorImpl.selectStrategyImplementor(StrategySelectorImpl.java:154)
	at org.hibernate.boot.registry.selector.internal.StrategySelectorImpl.resolveStrategy(StrategySelectorImpl.java:236)
	at org.hibernate.boot.registry.selector.internal.StrategySelectorImpl.resolveStrategy(StrategySelectorImpl.java:189)
	at org.hibernate.engine.jdbc.dialect.internal.DialectFactoryImpl.constructDialect(DialectFactoryImpl.java:123)
	at org.hibernate.engine.jdbc.dialect.internal.DialectFactoryImpl.buildDialect(DialectFactoryImpl.java:88)
	at org.hibernate.engine.jdbc.env.internal.JdbcEnvironmentInitiator.getJdbcEnvironmentWithDefaults(JdbcEnvironmentInitiator.java:143)
	at org.hibernate.engine.jdbc.env.internal.JdbcEnvironmentInitiator.getJdbcEnvironmentUsingJdbcMetadata(JdbcEnvironmentInitiator.java:348)
	at org.hibernate.engine.jdbc.env.internal.JdbcEnvironmentInitiator.initiateService(JdbcEnvironmentInitiator.java:107)
	at org.hibernate.engine.jdbc.env.internal.JdbcEnvironmentInitiator.initiateService(JdbcEnvironmentInitiator.java:68)
	at org.hibernate.boot.registry.internal.StandardServiceRegistryImpl.initiateService(StandardServiceRegistryImpl.java:129)
	at org.hibernate.service.internal.AbstractServiceRegistryImpl.createService(AbstractServiceRegistryImpl.java:263)
	... 31 common frames omitted
Caused by: org.hibernate.boot.registry.classloading.spi.ClassLoadingException: Unable to load class [org.hibernate.dialect.MySQL5Dialect]
	at org.hibernate.boot.registry.classloading.internal.ClassLoaderServiceImpl.classForName(ClassLoaderServiceImpl.java:126)
	at org.hibernate.boot.registry.selector.internal.StrategySelectorImpl.selectStrategyImplementor(StrategySelectorImpl.java:150)
	... 41 common frames omitted
Caused by: java.lang.ClassNotFoundException: Could not load requested class : org.hibernate.dialect.MySQL5Dialect
	at org.hibernate.boot.registry.classloading.internal.AggregatedClassLoader.findClass(AggregatedClassLoader.java:216)
	at java.base/java.lang.ClassLoader.loadClass(ClassLoader.java:587)
	at java.base/java.lang.ClassLoader.loadClass(ClassLoader.java:520)
	at java.base/java.lang.Class.forName0(Native Method)
	at java.base/java.lang.Class.forName(Class.java:467)
	at org.hibernate.boot.registry.classloading.internal.ClassLoaderServiceImpl.classForName(ClassLoaderServiceImpl.java:123)
	... 42 common frames omitted
Caused by: java.lang.Throwable: null
	at org.hibernate.boot.registry.classloading.internal.AggregatedClassLoader.findClass(AggregatedClassLoader.java:209)
	... 47 common frames omitted
	Suppressed: java.lang.ClassNotFoundException: org.hibernate.dialect.MySQL5Dialect
		at java.base/jdk.internal.loader.BuiltinClassLoader.loadClass(BuiltinClassLoader.java:641)
		at java.base/jdk.internal.loader.ClassLoaders$AppClassLoader.loadClass(ClassLoaders.java:188)
		at java.base/java.lang.ClassLoader.loadClass(ClassLoader.java:520)
		at org.hibernate.boot.registry.classloading.internal.AggregatedClassLoader.findClass(AggregatedClassLoader.java:206)
		... 47 common frames omitted
	Suppressed: java.lang.ClassNotFoundException: org.hibernate.dialect.MySQL5Dialect
		at java.base/jdk.internal.loader.BuiltinClassLoader.loadClass(BuiltinClassLoader.java:641)
		at java.base/jdk.internal.loader.ClassLoaders$AppClassLoader.loadClass(ClassLoaders.java:188)
		at java.base/java.lang.ClassLoader.loadClass(ClassLoader.java:520)
		at org.hibernate.boot.registry.classloading.internal.AggregatedClassLoader.findClass(AggregatedClassLoader.java:206)
		... 47 common frames omitted
	Suppressed: java.lang.ClassNotFoundException: org.hibernate.dialect.MySQL5Dialect
		at java.base/jdk.internal.loader.BuiltinClassLoader.loadClass(BuiltinClassLoader.java:641)
		at java.base/jdk.internal.loader.ClassLoaders$AppClassLoader.loadClass(ClassLoaders.java:188)
		at java.base/java.lang.ClassLoader.loadClass(ClassLoader.java:520)
		at org.hibernate.boot.registry.classloading.internal.AggregatedClassLoader.findClass(AggregatedClassLoader.java:206)
		... 47 common frames omitted
15:43:29.802 INFO  [c.p.d.DepartmentServiceApplication      ] Starting DepartmentServiceApplication using Java 17.0.7 with PID 10588 (C:\Users\HP\Desktop\Java Backend\springboot-microservices\department-service\target\classes started by HP in C:\Users\HP\Desktop\Java Backend\springboot-microservices) [main] 
15:43:29.812 INFO  [c.p.d.DepartmentServiceApplication      ] No active profile set, falling back to 1 default profile: "default" [main] 
15:43:32.463 INFO  [o.s.d.r.c.RepositoryConfigurationDelegate] Bootstrapping Spring Data JPA repositories in DEFAULT mode. [main] 
15:43:32.645 INFO  [o.s.d.r.c.RepositoryConfigurationDelegate] Finished Spring Data repository scanning in 158 ms. Found 1 JPA repository interface. [main] 
15:43:34.505 INFO  [o.s.b.w.embedded.tomcat.TomcatWebServer ] Tomcat initialized with port 8080 (http) [main] 
15:43:34.532 INFO  [o.apache.coyote.http11.Http11NioProtocol] Initializing ProtocolHandler ["http-nio-8080"] [main] 
15:43:34.538 INFO  [o.apache.catalina.core.StandardService  ] Starting service [Tomcat] [main] 
15:43:34.539 INFO  [org.apache.catalina.core.StandardEngine ] Starting Servlet engine: [Apache Tomcat/10.1.17] [main] 
15:43:34.770 INFO  [o.a.c.c.C.[Tomcat].[localhost].[/]      ] Initializing Spring embedded WebApplicationContext [main] 
15:43:34.773 INFO  [o.s.b.w.s.c.ServletWebServerApplicationContext] Root WebApplicationContext: initialization completed in 4338 ms [main] 
15:43:35.462 INFO  [o.hibernate.jpa.internal.util.LogHelper ] HHH000204: Processing PersistenceUnitInfo [name: default] [main] 
15:43:35.629 INFO  [org.hibernate.Version                   ] HHH000412: Hibernate ORM core version 6.4.1.Final [main] 
15:43:35.745 INFO  [o.h.c.internal.RegionFactoryInitiator   ] HHH000026: Second-level cache disabled [main] 
15:43:36.655 INFO  [o.s.o.j.p.SpringPersistenceUnitInfo     ] No LoadTimeWeaver setup: ignoring JPA class transformer [main] 
15:43:36.768 INFO  [com.zaxxer.hikari.HikariDataSource      ] HikariPool-1 - Starting... [main] 
15:43:37.704 INFO  [com.zaxxer.hikari.pool.HikariPool       ] HikariPool-1 - Added connection com.mysql.cj.jdbc.ConnectionImpl@3b9c9b8b [main] 
15:43:37.709 INFO  [com.zaxxer.hikari.HikariDataSource      ] HikariPool-1 - Start completed. [main] 
15:43:37.840 WARN  [o.h.e.j.e.i.JdbcEnvironmentInitiator    ] HHH000342: Could not obtain connection to query metadata [main] 
org.hibernate.boot.registry.selector.spi.StrategySelectionException: Unable to resolve name [org.hibernate.dialect.MySQL5Dialect] as strategy [org.hibernate.dialect.Dialect]
	at org.hibernate.boot.registry.selector.internal.StrategySelectorImpl.selectStrategyImplementor(StrategySelectorImpl.java:154)
	at org.hibernate.boot.registry.selector.internal.StrategySelectorImpl.resolveStrategy(StrategySelectorImpl.java:236)
	at org.hibernate.boot.registry.selector.internal.StrategySelectorImpl.resolveStrategy(StrategySelectorImpl.java:189)
	at org.hibernate.engine.jdbc.dialect.internal.DialectFactoryImpl.constructDialect(DialectFactoryImpl.java:123)
	at org.hibernate.engine.jdbc.dialect.internal.DialectFactoryImpl.buildDialect(DialectFactoryImpl.java:88)
	at org.hibernate.engine.jdbc.env.internal.JdbcEnvironmentInitiator$1.execute(JdbcEnvironmentInitiator.java:328)
	at org.hibernate.engine.jdbc.env.internal.JdbcEnvironmentInitiator$1.execute(JdbcEnvironmentInitiator.java:277)
	at org.hibernate.jdbc.WorkExecutor.executeReturningWork(WorkExecutor.java:58)
	at org.hibernate.jdbc.AbstractReturningWork.accept(AbstractReturningWork.java:34)
	at org.hibernate.resource.transaction.backend.jdbc.internal.JdbcIsolationDelegate.delegateWork(JdbcIsolationDelegate.java:70)
	at org.hibernate.engine.jdbc.env.internal.JdbcEnvironmentInitiator.getJdbcEnvironmentUsingJdbcMetadata(JdbcEnvironmentInitiator.java:276)
	at org.hibernate.engine.jdbc.env.internal.JdbcEnvironmentInitiator.initiateService(JdbcEnvironmentInitiator.java:107)
	at org.hibernate.engine.jdbc.env.internal.JdbcEnvironmentInitiator.initiateService(JdbcEnvironmentInitiator.java:68)
	at org.hibernate.boot.registry.internal.StandardServiceRegistryImpl.initiateService(StandardServiceRegistryImpl.java:129)
	at org.hibernate.service.internal.AbstractServiceRegistryImpl.createService(AbstractServiceRegistryImpl.java:263)
	at org.hibernate.service.internal.AbstractServiceRegistryImpl.initializeService(AbstractServiceRegistryImpl.java:238)
	at org.hibernate.service.internal.AbstractServiceRegistryImpl.getService(AbstractServiceRegistryImpl.java:215)
	at org.hibernate.boot.model.relational.Database.<init>(Database.java:45)
	at org.hibernate.boot.internal.InFlightMetadataCollectorImpl.getDatabase(InFlightMetadataCollectorImpl.java:223)
	at org.hibernate.boot.internal.InFlightMetadataCollectorImpl.<init>(InFlightMetadataCollectorImpl.java:191)
	at org.hibernate.boot.model.process.spi.MetadataBuildingProcess.complete(MetadataBuildingProcess.java:170)
	at org.hibernate.jpa.boot.internal.EntityManagerFactoryBuilderImpl.metadata(EntityManagerFactoryBuilderImpl.java:1432)
	at org.hibernate.jpa.boot.internal.EntityManagerFactoryBuilderImpl.build(EntityManagerFactoryBuilderImpl.java:1503)
	at org.springframework.orm.jpa.vendor.SpringHibernateJpaPersistenceProvider.createContainerEntityManagerFactory(SpringHibernateJpaPersistenceProvider.java:75)
	at org.springframework.orm.jpa.LocalContainerEntityManagerFactoryBean.createNativeEntityManagerFactory(LocalContainerEntityManagerFactoryBean.java:376)
	at org.springframework.orm.jpa.AbstractEntityManagerFactoryBean.buildNativeEntityManagerFactory(AbstractEntityManagerFactoryBean.java:409)
	at org.springframework.orm.jpa.AbstractEntityManagerFactoryBean.afterPropertiesSet(AbstractEntityManagerFactoryBean.java:396)
	at org.springframework.orm.jpa.LocalContainerEntityManagerFactoryBean.afterPropertiesSet(LocalContainerEntityManagerFactoryBean.java:352)
	at org.springframework.beans.factory.support.AbstractAutowireCapableBeanFactory.invokeInitMethods(AbstractAutowireCapableBeanFactory.java:1820)
	at org.springframework.beans.factory.support.AbstractAutowireCapableBeanFactory.initializeBean(AbstractAutowireCapableBeanFactory.java:1769)
	at org.springframework.beans.factory.support.AbstractAutowireCapableBeanFactory.doCreateBean(AbstractAutowireCapableBeanFactory.java:599)
	at org.springframework.beans.factory.support.AbstractAutowireCapableBeanFactory.createBean(AbstractAutowireCapableBeanFactory.java:521)
	at org.springframework.beans.factory.support.AbstractBeanFactory.lambda$doGetBean$0(AbstractBeanFactory.java:325)
	at org.springframework.beans.factory.support.DefaultSingletonBeanRegistry.getSingleton(DefaultSingletonBeanRegistry.java:234)
	at org.springframework.beans.factory.support.AbstractBeanFactory.doGetBean(AbstractBeanFactory.java:323)
	at org.springframework.beans.factory.support.AbstractBeanFactory.getBean(AbstractBeanFactory.java:199)
	at org.springframework.context.support.AbstractApplicationContext.getBean(AbstractApplicationContext.java:1232)
	at org.springframework.context.support.AbstractApplicationContext.finishBeanFactoryInitialization(AbstractApplicationContext.java:950)
	at org.springframework.context.support.AbstractApplicationContext.refresh(AbstractApplicationContext.java:625)
	at org.springframework.boot.web.servlet.context.ServletWebServerApplicationContext.refresh(ServletWebServerApplicationContext.java:146)
	at org.springframework.boot.SpringApplication.refresh(SpringApplication.java:762)
	at org.springframework.boot.SpringApplication.refreshContext(SpringApplication.java:464)
	at org.springframework.boot.SpringApplication.run(SpringApplication.java:334)
	at org.springframework.boot.SpringApplication.run(SpringApplication.java:1358)
	at org.springframework.boot.SpringApplication.run(SpringApplication.java:1347)
	at com.project.departmentservice.DepartmentServiceApplication.main(DepartmentServiceApplication.java:10)
Caused by: org.hibernate.boot.registry.classloading.spi.ClassLoadingException: Unable to load class [org.hibernate.dialect.MySQL5Dialect]
	at org.hibernate.boot.registry.classloading.internal.ClassLoaderServiceImpl.classForName(ClassLoaderServiceImpl.java:126)
	at org.hibernate.boot.registry.selector.internal.StrategySelectorImpl.selectStrategyImplementor(StrategySelectorImpl.java:150)
	... 45 common frames omitted
Caused by: java.lang.ClassNotFoundException: Could not load requested class : org.hibernate.dialect.MySQL5Dialect
	at org.hibernate.boot.registry.classloading.internal.AggregatedClassLoader.findClass(AggregatedClassLoader.java:216)
	at java.base/java.lang.ClassLoader.loadClass(ClassLoader.java:587)
	at java.base/java.lang.ClassLoader.loadClass(ClassLoader.java:520)
	at java.base/java.lang.Class.forName0(Native Method)
	at java.base/java.lang.Class.forName(Class.java:467)
	at org.hibernate.boot.registry.classloading.internal.ClassLoaderServiceImpl.classForName(ClassLoaderServiceImpl.java:123)
	... 46 common frames omitted
Caused by: java.lang.Throwable: null
	at org.hibernate.boot.registry.classloading.internal.AggregatedClassLoader.findClass(AggregatedClassLoader.java:209)
	... 51 common frames omitted
	Suppressed: java.lang.ClassNotFoundException: org.hibernate.dialect.MySQL5Dialect
		at java.base/jdk.internal.loader.BuiltinClassLoader.loadClass(BuiltinClassLoader.java:641)
		at java.base/jdk.internal.loader.ClassLoaders$AppClassLoader.loadClass(ClassLoaders.java:188)
		at java.base/java.lang.ClassLoader.loadClass(ClassLoader.java:520)
		at org.hibernate.boot.registry.classloading.internal.AggregatedClassLoader.findClass(AggregatedClassLoader.java:206)
		... 51 common frames omitted
	Suppressed: java.lang.ClassNotFoundException: org.hibernate.dialect.MySQL5Dialect
		at java.base/jdk.internal.loader.BuiltinClassLoader.loadClass(BuiltinClassLoader.java:641)
		at java.base/jdk.internal.loader.ClassLoaders$AppClassLoader.loadClass(ClassLoaders.java:188)
		at java.base/java.lang.ClassLoader.loadClass(ClassLoader.java:520)
		at org.hibernate.boot.registry.classloading.internal.AggregatedClassLoader.findClass(AggregatedClassLoader.java:206)
		... 51 common frames omitted
	Suppressed: java.lang.ClassNotFoundException: org.hibernate.dialect.MySQL5Dialect
		at java.base/jdk.internal.loader.BuiltinClassLoader.loadClass(BuiltinClassLoader.java:641)
		at java.base/jdk.internal.loader.ClassLoaders$AppClassLoader.loadClass(ClassLoaders.java:188)
		at java.base/java.lang.ClassLoader.loadClass(ClassLoader.java:520)
		at org.hibernate.boot.registry.classloading.internal.AggregatedClassLoader.findClass(AggregatedClassLoader.java:206)
		... 51 common frames omitted
15:43:37.850 ERROR [o.s.o.j.LocalContainerEntityManagerFactoryBean] Failed to initialize JPA EntityManagerFactory: Unable to create requested service [org.hibernate.engine.jdbc.env.spi.JdbcEnvironment] due to: Unable to resolve name [org.hibernate.dialect.MySQL5Dialect] as strategy [org.hibernate.dialect.Dialect] [main] 
15:43:37.853 WARN  [o.s.b.w.s.c.AnnotationConfigServletWebServerApplicationContext] Exception encountered during context initialization - cancelling refresh attempt: org.springframework.beans.factory.BeanCreationException: Error creating bean with name 'entityManagerFactory' defined in class path resource [org/springframework/boot/autoconfigure/orm/jpa/HibernateJpaConfiguration.class]: Unable to create requested service [org.hibernate.engine.jdbc.env.spi.JdbcEnvironment] due to: Unable to resolve name [org.hibernate.dialect.MySQL5Dialect] as strategy [org.hibernate.dialect.Dialect] [main] 
15:43:37.854 INFO  [com.zaxxer.hikari.HikariDataSource      ] HikariPool-1 - Shutdown initiated... [main] 
15:43:38.079 INFO  [com.zaxxer.hikari.HikariDataSource      ] HikariPool-1 - Shutdown completed. [main] 
15:43:38.094 INFO  [o.apache.catalina.core.StandardService  ] Stopping service [Tomcat] [main] 
15:43:38.152 INFO  [o.s.b.a.l.ConditionEvaluationReportLogger] 

Error starting ApplicationContext. To display the condition evaluation report re-run your application with 'debug' enabled. [main] 
15:43:38.267 ERROR [o.springframework.boot.SpringApplication] Application run failed [main] 
org.springframework.beans.factory.BeanCreationException: Error creating bean with name 'entityManagerFactory' defined in class path resource [org/springframework/boot/autoconfigure/orm/jpa/HibernateJpaConfiguration.class]: Unable to create requested service [org.hibernate.engine.jdbc.env.spi.JdbcEnvironment] due to: Unable to resolve name [org.hibernate.dialect.MySQL5Dialect] as strategy [org.hibernate.dialect.Dialect]
	at org.springframework.beans.factory.support.AbstractAutowireCapableBeanFactory.initializeBean(AbstractAutowireCapableBeanFactory.java:1773)
	at org.springframework.beans.factory.support.AbstractAutowireCapableBeanFactory.doCreateBean(AbstractAutowireCapableBeanFactory.java:599)
	at org.springframework.beans.factory.support.AbstractAutowireCapableBeanFactory.createBean(AbstractAutowireCapableBeanFactory.java:521)
	at org.springframework.beans.factory.support.AbstractBeanFactory.lambda$doGetBean$0(AbstractBeanFactory.java:325)
	at org.springframework.beans.factory.support.DefaultSingletonBeanRegistry.getSingleton(DefaultSingletonBeanRegistry.java:234)
	at org.springframework.beans.factory.support.AbstractBeanFactory.doGetBean(AbstractBeanFactory.java:323)
	at org.springframework.beans.factory.support.AbstractBeanFactory.getBean(AbstractBeanFactory.java:199)
	at org.springframework.context.support.AbstractApplicationContext.getBean(AbstractApplicationContext.java:1232)
	at org.springframework.context.support.AbstractApplicationContext.finishBeanFactoryInitialization(AbstractApplicationContext.java:950)
	at org.springframework.context.support.AbstractApplicationContext.refresh(AbstractApplicationContext.java:625)
	at org.springframework.boot.web.servlet.context.ServletWebServerApplicationContext.refresh(ServletWebServerApplicationContext.java:146)
	at org.springframework.boot.SpringApplication.refresh(SpringApplication.java:762)
	at org.springframework.boot.SpringApplication.refreshContext(SpringApplication.java:464)
	at org.springframework.boot.SpringApplication.run(SpringApplication.java:334)
	at org.springframework.boot.SpringApplication.run(SpringApplication.java:1358)
	at org.springframework.boot.SpringApplication.run(SpringApplication.java:1347)
	at com.project.departmentservice.DepartmentServiceApplication.main(DepartmentServiceApplication.java:10)
Caused by: org.hibernate.service.spi.ServiceException: Unable to create requested service [org.hibernate.engine.jdbc.env.spi.JdbcEnvironment] due to: Unable to resolve name [org.hibernate.dialect.MySQL5Dialect] as strategy [org.hibernate.dialect.Dialect]
	at org.hibernate.service.internal.AbstractServiceRegistryImpl.createService(AbstractServiceRegistryImpl.java:276)
	at org.hibernate.service.internal.AbstractServiceRegistryImpl.initializeService(AbstractServiceRegistryImpl.java:238)
	at org.hibernate.service.internal.AbstractServiceRegistryImpl.getService(AbstractServiceRegistryImpl.java:215)
	at org.hibernate.boot.model.relational.Database.<init>(Database.java:45)
	at org.hibernate.boot.internal.InFlightMetadataCollectorImpl.getDatabase(InFlightMetadataCollectorImpl.java:223)
	at org.hibernate.boot.internal.InFlightMetadataCollectorImpl.<init>(InFlightMetadataCollectorImpl.java:191)
	at org.hibernate.boot.model.process.spi.MetadataBuildingProcess.complete(MetadataBuildingProcess.java:170)
	at org.hibernate.jpa.boot.internal.EntityManagerFactoryBuilderImpl.metadata(EntityManagerFactoryBuilderImpl.java:1432)
	at org.hibernate.jpa.boot.internal.EntityManagerFactoryBuilderImpl.build(EntityManagerFactoryBuilderImpl.java:1503)
	at org.springframework.orm.jpa.vendor.SpringHibernateJpaPersistenceProvider.createContainerEntityManagerFactory(SpringHibernateJpaPersistenceProvider.java:75)
	at org.springframework.orm.jpa.LocalContainerEntityManagerFactoryBean.createNativeEntityManagerFactory(LocalContainerEntityManagerFactoryBean.java:376)
	at org.springframework.orm.jpa.AbstractEntityManagerFactoryBean.buildNativeEntityManagerFactory(AbstractEntityManagerFactoryBean.java:409)
	at org.springframework.orm.jpa.AbstractEntityManagerFactoryBean.afterPropertiesSet(AbstractEntityManagerFactoryBean.java:396)
	at org.springframework.orm.jpa.LocalContainerEntityManagerFactoryBean.afterPropertiesSet(LocalContainerEntityManagerFactoryBean.java:352)
	at org.springframework.beans.factory.support.AbstractAutowireCapableBeanFactory.invokeInitMethods(AbstractAutowireCapableBeanFactory.java:1820)
	at org.springframework.beans.factory.support.AbstractAutowireCapableBeanFactory.initializeBean(AbstractAutowireCapableBeanFactory.java:1769)
	... 16 common frames omitted
Caused by: org.hibernate.boot.registry.selector.spi.StrategySelectionException: Unable to resolve name [org.hibernate.dialect.MySQL5Dialect] as strategy [org.hibernate.dialect.Dialect]
	at org.hibernate.boot.registry.selector.internal.StrategySelectorImpl.selectStrategyImplementor(StrategySelectorImpl.java:154)
	at org.hibernate.boot.registry.selector.internal.StrategySelectorImpl.resolveStrategy(StrategySelectorImpl.java:236)
	at org.hibernate.boot.registry.selector.internal.StrategySelectorImpl.resolveStrategy(StrategySelectorImpl.java:189)
	at org.hibernate.engine.jdbc.dialect.internal.DialectFactoryImpl.constructDialect(DialectFactoryImpl.java:123)
	at org.hibernate.engine.jdbc.dialect.internal.DialectFactoryImpl.buildDialect(DialectFactoryImpl.java:88)
	at org.hibernate.engine.jdbc.env.internal.JdbcEnvironmentInitiator.getJdbcEnvironmentWithDefaults(JdbcEnvironmentInitiator.java:143)
	at org.hibernate.engine.jdbc.env.internal.JdbcEnvironmentInitiator.getJdbcEnvironmentUsingJdbcMetadata(JdbcEnvironmentInitiator.java:348)
	at org.hibernate.engine.jdbc.env.internal.JdbcEnvironmentInitiator.initiateService(JdbcEnvironmentInitiator.java:107)
	at org.hibernate.engine.jdbc.env.internal.JdbcEnvironmentInitiator.initiateService(JdbcEnvironmentInitiator.java:68)
	at org.hibernate.boot.registry.internal.StandardServiceRegistryImpl.initiateService(StandardServiceRegistryImpl.java:129)
	at org.hibernate.service.internal.AbstractServiceRegistryImpl.createService(AbstractServiceRegistryImpl.java:263)
	... 31 common frames omitted
Caused by: org.hibernate.boot.registry.classloading.spi.ClassLoadingException: Unable to load class [org.hibernate.dialect.MySQL5Dialect]
	at org.hibernate.boot.registry.classloading.internal.ClassLoaderServiceImpl.classForName(ClassLoaderServiceImpl.java:126)
	at org.hibernate.boot.registry.selector.internal.StrategySelectorImpl.selectStrategyImplementor(StrategySelectorImpl.java:150)
	... 41 common frames omitted
Caused by: java.lang.ClassNotFoundException: Could not load requested class : org.hibernate.dialect.MySQL5Dialect
	at org.hibernate.boot.registry.classloading.internal.AggregatedClassLoader.findClass(AggregatedClassLoader.java:216)
	at java.base/java.lang.ClassLoader.loadClass(ClassLoader.java:587)
	at java.base/java.lang.ClassLoader.loadClass(ClassLoader.java:520)
	at java.base/java.lang.Class.forName0(Native Method)
	at java.base/java.lang.Class.forName(Class.java:467)
	at org.hibernate.boot.registry.classloading.internal.ClassLoaderServiceImpl.classForName(ClassLoaderServiceImpl.java:123)
	... 42 common frames omitted
Caused by: java.lang.Throwable: null
	at org.hibernate.boot.registry.classloading.internal.AggregatedClassLoader.findClass(AggregatedClassLoader.java:209)
	... 47 common frames omitted
	Suppressed: java.lang.ClassNotFoundException: org.hibernate.dialect.MySQL5Dialect
		at java.base/jdk.internal.loader.BuiltinClassLoader.loadClass(BuiltinClassLoader.java:641)
		at java.base/jdk.internal.loader.ClassLoaders$AppClassLoader.loadClass(ClassLoaders.java:188)
		at java.base/java.lang.ClassLoader.loadClass(ClassLoader.java:520)
		at org.hibernate.boot.registry.classloading.internal.AggregatedClassLoader.findClass(AggregatedClassLoader.java:206)
		... 47 common frames omitted
	Suppressed: java.lang.ClassNotFoundException: org.hibernate.dialect.MySQL5Dialect
		at java.base/jdk.internal.loader.BuiltinClassLoader.loadClass(BuiltinClassLoader.java:641)
		at java.base/jdk.internal.loader.ClassLoaders$AppClassLoader.loadClass(ClassLoaders.java:188)
		at java.base/java.lang.ClassLoader.loadClass(ClassLoader.java:520)
		at org.hibernate.boot.registry.classloading.internal.AggregatedClassLoader.findClass(AggregatedClassLoader.java:206)
		... 47 common frames omitted
	Suppressed: java.lang.ClassNotFoundException: org.hibernate.dialect.MySQL5Dialect
		at java.base/jdk.internal.loader.BuiltinClassLoader.loadClass(BuiltinClassLoader.java:641)
		at java.base/jdk.internal.loader.ClassLoaders$AppClassLoader.loadClass(ClassLoaders.java:188)
		at java.base/java.lang.ClassLoader.loadClass(ClassLoader.java:520)
		at org.hibernate.boot.registry.classloading.internal.AggregatedClassLoader.findClass(AggregatedClassLoader.java:206)
		... 47 common frames omitted
15:44:04.477 INFO  [c.p.d.DepartmentServiceApplication      ] Starting DepartmentServiceApplication using Java 17.0.7 with PID 11504 (C:\Users\HP\Desktop\Java Backend\springboot-microservices\department-service\target\classes started by HP in C:\Users\HP\Desktop\Java Backend\springboot-microservices) [main] 
15:44:04.506 INFO  [c.p.d.DepartmentServiceApplication      ] No active profile set, falling back to 1 default profile: "default" [main] 
15:44:07.504 INFO  [o.s.d.r.c.RepositoryConfigurationDelegate] Bootstrapping Spring Data JPA repositories in DEFAULT mode. [main] 
15:44:07.701 INFO  [o.s.d.r.c.RepositoryConfigurationDelegate] Finished Spring Data repository scanning in 146 ms. Found 1 JPA repository interface. [main] 
15:44:10.090 INFO  [o.s.b.w.embedded.tomcat.TomcatWebServer ] Tomcat initialized with port 8080 (http) [main] 
15:44:10.125 INFO  [o.apache.coyote.http11.Http11NioProtocol] Initializing ProtocolHandler ["http-nio-8080"] [main] 
15:44:10.130 INFO  [o.apache.catalina.core.StandardService  ] Starting service [Tomcat] [main] 
15:44:10.130 INFO  [org.apache.catalina.core.StandardEngine ] Starting Servlet engine: [Apache Tomcat/10.1.17] [main] 
15:44:10.417 INFO  [o.a.c.c.C.[Tomcat].[localhost].[/]      ] Initializing Spring embedded WebApplicationContext [main] 
15:44:10.422 INFO  [o.s.b.w.s.c.ServletWebServerApplicationContext] Root WebApplicationContext: initialization completed in 5202 ms [main] 
15:44:11.035 INFO  [o.hibernate.jpa.internal.util.LogHelper ] HHH000204: Processing PersistenceUnitInfo [name: default] [main] 
15:44:11.205 INFO  [org.hibernate.Version                   ] HHH000412: Hibernate ORM core version 6.4.1.Final [main] 
15:44:11.339 INFO  [o.h.c.internal.RegionFactoryInitiator   ] HHH000026: Second-level cache disabled [main] 
15:44:12.094 INFO  [o.s.o.j.p.SpringPersistenceUnitInfo     ] No LoadTimeWeaver setup: ignoring JPA class transformer [main] 
15:44:12.173 INFO  [com.zaxxer.hikari.HikariDataSource      ] HikariPool-1 - Starting... [main] 
15:44:13.013 INFO  [com.zaxxer.hikari.pool.HikariPool       ] HikariPool-1 - Added connection com.mysql.cj.jdbc.ConnectionImpl@1d2046bb [main] 
15:44:13.019 INFO  [com.zaxxer.hikari.HikariDataSource      ] HikariPool-1 - Start completed. [main] 
15:44:13.169 WARN  [org.hibernate.orm.deprecation           ] HHH90000025: MySQL8Dialect does not need to be specified explicitly using 'hibernate.dialect' (remove the property setting and it will be selected by default) [main] 
15:44:13.176 WARN  [org.hibernate.orm.deprecation           ] HHH90000026: MySQL8Dialect has been deprecated; use org.hibernate.dialect.MySQLDialect instead [main] 
15:44:15.749 INFO  [o.h.e.t.j.p.i.JtaPlatformInitiator      ] HHH000489: No JTA platform available (set 'hibernate.transaction.jta.platform' to enable JTA platform integration) [main] 
15:44:16.326 INFO  [o.s.o.j.LocalContainerEntityManagerFactoryBean] Initialized JPA EntityManagerFactory for persistence unit 'default' [main] 
15:44:18.494 WARN  [o.s.b.a.o.j.JpaBaseConfiguration$JpaWebConfiguration] spring.jpa.open-in-view is enabled by default. Therefore, database queries may be performed during view rendering. Explicitly configure spring.jpa.open-in-view to disable this warning [main] 
15:44:19.634 INFO  [o.apache.coyote.http11.Http11NioProtocol] Starting ProtocolHandler ["http-nio-8080"] [main] 
15:44:19.685 INFO  [o.s.b.w.embedded.tomcat.TomcatWebServer ] Tomcat started on port 8080 (http) with context path '' [main] 
15:44:19.734 INFO  [c.p.d.DepartmentServiceApplication      ] Started DepartmentServiceApplication in 16.422 seconds (process running for 18.62) [main] 
16:04:59.585 INFO  [o.s.o.j.LocalContainerEntityManagerFactoryBean] Closing JPA EntityManagerFactory for persistence unit 'default' [SpringApplicationShutdownHook] 
16:04:59.598 INFO  [com.zaxxer.hikari.HikariDataSource      ] HikariPool-1 - Shutdown initiated... [SpringApplicationShutdownHook] 
16:04:59.642 INFO  [com.zaxxer.hikari.HikariDataSource      ] HikariPool-1 - Shutdown completed. [SpringApplicationShutdownHook] 
16:05:09.843 INFO  [c.p.d.DepartmentServiceApplication      ] Starting DepartmentServiceApplication using Java 17.0.7 with PID 9924 (C:\Users\HP\Desktop\Java Backend\springboot-microservices\department-service\target\classes started by HP in C:\Users\HP\Desktop\Java Backend\springboot-microservices) [main] 
16:05:09.848 INFO  [c.p.d.DepartmentServiceApplication      ] No active profile set, falling back to 1 default profile: "default" [main] 
16:05:12.740 INFO  [o.s.d.r.c.RepositoryConfigurationDelegate] Bootstrapping Spring Data JPA repositories in DEFAULT mode. [main] 
16:05:12.932 INFO  [o.s.d.r.c.RepositoryConfigurationDelegate] Finished Spring Data repository scanning in 169 ms. Found 1 JPA repository interface. [main] 
16:05:15.561 INFO  [o.s.b.w.embedded.tomcat.TomcatWebServer ] Tomcat initialized with port 8080 (http) [main] 
16:05:15.595 INFO  [o.apache.coyote.http11.Http11NioProtocol] Initializing ProtocolHandler ["http-nio-8080"] [main] 
16:05:15.600 INFO  [o.apache.catalina.core.StandardService  ] Starting service [Tomcat] [main] 
16:05:15.601 INFO  [org.apache.catalina.core.StandardEngine ] Starting Servlet engine: [Apache Tomcat/10.1.17] [main] 
16:05:15.930 INFO  [o.a.c.c.C.[Tomcat].[localhost].[/]      ] Initializing Spring embedded WebApplicationContext [main] 
16:05:15.934 INFO  [o.s.b.w.s.c.ServletWebServerApplicationContext] Root WebApplicationContext: initialization completed in 5422 ms [main] 
16:05:16.515 INFO  [o.hibernate.jpa.internal.util.LogHelper ] HHH000204: Processing PersistenceUnitInfo [name: default] [main] 
16:05:16.702 INFO  [org.hibernate.Version                   ] HHH000412: Hibernate ORM core version 6.4.1.Final [main] 
16:05:16.850 INFO  [o.h.c.internal.RegionFactoryInitiator   ] HHH000026: Second-level cache disabled [main] 
16:05:17.538 INFO  [o.s.o.j.p.SpringPersistenceUnitInfo     ] No LoadTimeWeaver setup: ignoring JPA class transformer [main] 
16:05:17.612 INFO  [com.zaxxer.hikari.HikariDataSource      ] HikariPool-1 - Starting... [main] 
16:05:19.631 INFO  [com.zaxxer.hikari.pool.HikariPool       ] HikariPool-1 - Added connection com.mysql.cj.jdbc.ConnectionImpl@1d2046bb [main] 
16:05:19.635 INFO  [com.zaxxer.hikari.HikariDataSource      ] HikariPool-1 - Start completed. [main] 
16:05:19.815 WARN  [org.hibernate.orm.deprecation           ] HHH90000025: MySQL8Dialect does not need to be specified explicitly using 'hibernate.dialect' (remove the property setting and it will be selected by default) [main] 
16:05:19.817 WARN  [org.hibernate.orm.deprecation           ] HHH90000026: MySQL8Dialect has been deprecated; use org.hibernate.dialect.MySQLDialect instead [main] 
16:05:23.642 INFO  [o.h.e.t.j.p.i.JtaPlatformInitiator      ] HHH000489: No JTA platform available (set 'hibernate.transaction.jta.platform' to enable JTA platform integration) [main] 
16:05:23.832 INFO  [o.s.o.j.LocalContainerEntityManagerFactoryBean] Initialized JPA EntityManagerFactory for persistence unit 'default' [main] 
16:05:26.313 WARN  [o.s.b.a.o.j.JpaBaseConfiguration$JpaWebConfiguration] spring.jpa.open-in-view is enabled by default. Therefore, database queries may be performed during view rendering. Explicitly configure spring.jpa.open-in-view to disable this warning [main] 
16:05:28.059 INFO  [o.apache.coyote.http11.Http11NioProtocol] Starting ProtocolHandler ["http-nio-8080"] [main] 
16:05:28.177 INFO  [o.s.b.w.embedded.tomcat.TomcatWebServer ] Tomcat started on port 8080 (http) with context path '' [main] 
16:05:28.208 INFO  [c.p.d.DepartmentServiceApplication      ] Started DepartmentServiceApplication in 19.58 seconds (process running for 22.369) [main] 
16:12:50.890 INFO  [o.s.o.j.LocalContainerEntityManagerFactoryBean] Closing JPA EntityManagerFactory for persistence unit 'default' [SpringApplicationShutdownHook] 
16:12:50.906 INFO  [com.zaxxer.hikari.HikariDataSource      ] HikariPool-1 - Shutdown initiated... [SpringApplicationShutdownHook] 
16:12:50.967 INFO  [com.zaxxer.hikari.HikariDataSource      ] HikariPool-1 - Shutdown completed. [SpringApplicationShutdownHook] 
16:13:17.734 INFO  [c.p.d.DepartmentServiceApplication      ] Starting DepartmentServiceApplication using Java 17.0.7 with PID 11696 (C:\Users\HP\Desktop\Java Backend\springboot-microservices\department-service\target\classes started by HP in C:\Users\HP\Desktop\Java Backend\springboot-microservices) [main] 
16:13:17.739 INFO  [c.p.d.DepartmentServiceApplication      ] No active profile set, falling back to 1 default profile: "default" [main] 
16:13:22.428 INFO  [o.s.d.r.c.RepositoryConfigurationDelegate] Bootstrapping Spring Data JPA repositories in DEFAULT mode. [main] 
16:13:22.703 INFO  [o.s.d.r.c.RepositoryConfigurationDelegate] Finished Spring Data repository scanning in 241 ms. Found 1 JPA repository interface. [main] 
16:13:26.028 INFO  [o.s.b.w.embedded.tomcat.TomcatWebServer ] Tomcat initialized with port 8080 (http) [main] 
16:13:26.103 INFO  [o.apache.coyote.http11.Http11NioProtocol] Initializing ProtocolHandler ["http-nio-8080"] [main] 
16:13:26.120 INFO  [o.apache.catalina.core.StandardService  ] Starting service [Tomcat] [main] 
16:13:26.121 INFO  [org.apache.catalina.core.StandardEngine ] Starting Servlet engine: [Apache Tomcat/10.1.17] [main] 
16:13:26.513 INFO  [o.a.c.c.C.[Tomcat].[localhost].[/]      ] Initializing Spring embedded WebApplicationContext [main] 
16:13:26.516 INFO  [o.s.b.w.s.c.ServletWebServerApplicationContext] Root WebApplicationContext: initialization completed in 7473 ms [main] 
16:13:28.228 INFO  [o.hibernate.jpa.internal.util.LogHelper ] HHH000204: Processing PersistenceUnitInfo [name: default] [main] 
16:13:29.322 INFO  [org.hibernate.Version                   ] HHH000412: Hibernate ORM core version 6.4.1.Final [main] 
16:13:29.874 INFO  [o.h.c.internal.RegionFactoryInitiator   ] HHH000026: Second-level cache disabled [main] 
16:13:31.728 INFO  [o.s.o.j.p.SpringPersistenceUnitInfo     ] No LoadTimeWeaver setup: ignoring JPA class transformer [main] 
16:13:31.964 INFO  [com.zaxxer.hikari.HikariDataSource      ] HikariPool-1 - Starting... [main] 
16:13:34.246 INFO  [com.zaxxer.hikari.pool.HikariPool       ] HikariPool-1 - Added connection com.mysql.cj.jdbc.ConnectionImpl@315cf170 [main] 
16:13:34.253 INFO  [com.zaxxer.hikari.HikariDataSource      ] HikariPool-1 - Start completed. [main] 
16:13:34.946 WARN  [org.hibernate.orm.deprecation           ] HHH90000025: MySQL8Dialect does not need to be specified explicitly using 'hibernate.dialect' (remove the property setting and it will be selected by default) [main] 
16:13:34.949 WARN  [org.hibernate.orm.deprecation           ] HHH90000026: MySQL8Dialect has been deprecated; use org.hibernate.dialect.MySQLDialect instead [main] 
16:13:42.174 INFO  [o.h.e.t.j.p.i.JtaPlatformInitiator      ] HHH000489: No JTA platform available (set 'hibernate.transaction.jta.platform' to enable JTA platform integration) [main] 
16:13:42.448 INFO  [o.s.o.j.LocalContainerEntityManagerFactoryBean] Initialized JPA EntityManagerFactory for persistence unit 'default' [main] 
16:13:44.049 WARN  [o.s.b.a.o.j.JpaBaseConfiguration$JpaWebConfiguration] spring.jpa.open-in-view is enabled by default. Therefore, database queries may be performed during view rendering. Explicitly configure spring.jpa.open-in-view to disable this warning [main] 
16:13:46.255 INFO  [o.apache.coyote.http11.Http11NioProtocol] Starting ProtocolHandler ["http-nio-8080"] [main] 
16:13:46.380 INFO  [o.s.b.w.embedded.tomcat.TomcatWebServer ] Tomcat started on port 8080 (http) with context path '' [main] 
16:13:46.417 INFO  [c.p.d.DepartmentServiceApplication      ] Started DepartmentServiceApplication in 30.128 seconds (process running for 46.296) [main] 
16:19:36.621 INFO  [o.a.c.c.C.[Tomcat].[localhost].[/]      ] Initializing Spring DispatcherServlet 'dispatcherServlet' [http-nio-8080-exec-1] 
16:19:36.622 INFO  [o.s.web.servlet.DispatcherServlet       ] Initializing Servlet 'dispatcherServlet' [http-nio-8080-exec-1] 
16:19:36.625 INFO  [o.s.web.servlet.DispatcherServlet       ] Completed initialization in 2 ms [http-nio-8080-exec-1] 
20:20:11.168 WARN  [com.zaxxer.hikari.pool.HikariPool       ] HikariPool-1 - Thread starvation or clock leap detected (housekeeper delta=3h4m56s375ms306s700ns). [HikariPool-1 housekeeper] 
21:54:00.619 WARN  [com.zaxxer.hikari.pool.HikariPool       ] HikariPool-1 - Thread starvation or clock leap detected (housekeeper delta=3m36s692ms287s600ns). [HikariPool-1 housekeeper] 
